{"/home/jibon/Desktop/development/CloudBox/cloudbox-backend/src/app/middlewares/auth.ts": {"path":"/home/jibon/Desktop/development/CloudBox/cloudbox-backend/src/app/middlewares/auth.ts","statementMap":{"0":{"start":{"line":2,"column":0},"end":{"line":2,"column":37}},"1":{"start":{"line":4,"column":0},"end":{"line":4,"column":42}},"2":{"start":{"line":5,"column":0},"end":{"line":5,"column":52}},"3":{"start":{"line":6,"column":0},"end":{"line":6,"column":45}},"4":{"start":{"line":9,"column":13},"end":{"line":60,"column":1}},"5":{"start":{"line":10,"column":2},"end":{"line":59,"column":4}},"6":{"start":{"line":11,"column":4},"end":{"line":58,"column":5}},"7":{"start":{"line":13,"column":25},"end":{"line":13,"column":49}},"8":{"start":{"line":15,"column":6},"end":{"line":19,"column":7}},"9":{"start":{"line":16,"column":8},"end":{"line":16,"column":43}},"10":{"start":{"line":17,"column":13},"end":{"line":19,"column":7}},"11":{"start":{"line":18,"column":8},"end":{"line":18,"column":41}},"12":{"start":{"line":21,"column":6},"end":{"line":23,"column":7}},"13":{"start":{"line":22,"column":8},"end":{"line":22,"column":79}},"14":{"start":{"line":25,"column":21},"end":{"line":25,"column":53}},"15":{"start":{"line":26,"column":23},"end":{"line":26,"column":67}},"16":{"start":{"line":27,"column":6},"end":{"line":29,"column":7}},"17":{"start":{"line":28,"column":8},"end":{"line":28,"column":69}},"18":{"start":{"line":31,"column":19},"end":{"line":31,"column":79}},"19":{"start":{"line":32,"column":6},"end":{"line":34,"column":7}},"20":{"start":{"line":33,"column":8},"end":{"line":33,"column":77}},"21":{"start":{"line":37,"column":6},"end":{"line":42,"column":7}},"22":{"start":{"line":38,"column":8},"end":{"line":41,"column":10}},"23":{"start":{"line":44,"column":6},"end":{"line":46,"column":7}},"24":{"start":{"line":45,"column":8},"end":{"line":45,"column":63}},"25":{"start":{"line":49,"column":7},"end":{"line":53,"column":8}},"26":{"start":{"line":55,"column":6},"end":{"line":55,"column":20}},"27":{"start":{"line":57,"column":6},"end":{"line":57,"column":23}},"28":{"start":{"line":62,"column":0},"end":{"line":62,"column":20}}},"fnMap":{"0":{"name":"(anonymous_1)","decl":{"start":{"line":9,"column":13},"end":{"line":9,"column":14}},"loc":{"start":{"line":9,"column":36},"end":{"line":60,"column":1}}},"1":{"name":"(anonymous_2)","decl":{"start":{"line":10,"column":9},"end":{"line":10,"column":14}},"loc":{"start":{"line":10,"column":67},"end":{"line":59,"column":3}}}},"branchMap":{"0":{"loc":{"start":{"line":15,"column":6},"end":{"line":19,"column":7}},"type":"if","locations":[{"start":{"line":15,"column":6},"end":{"line":19,"column":7}},{"start":{"line":17,"column":13},"end":{"line":19,"column":7}}]},"1":{"loc":{"start":{"line":15,"column":10},"end":{"line":15,"column":70}},"type":"binary-expr","locations":[{"start":{"line":15,"column":10},"end":{"line":15,"column":20}},{"start":{"line":15,"column":24},"end":{"line":15,"column":70}}]},"2":{"loc":{"start":{"line":17,"column":13},"end":{"line":19,"column":7}},"type":"if","locations":[{"start":{"line":17,"column":13},"end":{"line":19,"column":7}}]},"3":{"loc":{"start":{"line":17,"column":17},"end":{"line":17,"column":56}},"type":"binary-expr","locations":[{"start":{"line":17,"column":17},"end":{"line":17,"column":28}},{"start":{"line":17,"column":32},"end":{"line":17,"column":56}}]},"4":{"loc":{"start":{"line":21,"column":6},"end":{"line":23,"column":7}},"type":"if","locations":[{"start":{"line":21,"column":6},"end":{"line":23,"column":7}}]},"5":{"loc":{"start":{"line":27,"column":6},"end":{"line":29,"column":7}},"type":"if","locations":[{"start":{"line":27,"column":6},"end":{"line":29,"column":7}}]},"6":{"loc":{"start":{"line":27,"column":10},"end":{"line":27,"column":35}},"type":"binary-expr","locations":[{"start":{"line":27,"column":10},"end":{"line":27,"column":19}},{"start":{"line":27,"column":23},"end":{"line":27,"column":35}}]},"7":{"loc":{"start":{"line":32,"column":6},"end":{"line":34,"column":7}},"type":"if","locations":[{"start":{"line":32,"column":6},"end":{"line":34,"column":7}}]},"8":{"loc":{"start":{"line":37,"column":6},"end":{"line":42,"column":7}},"type":"if","locations":[{"start":{"line":37,"column":6},"end":{"line":42,"column":7}}]},"9":{"loc":{"start":{"line":44,"column":6},"end":{"line":46,"column":7}},"type":"if","locations":[{"start":{"line":44,"column":6},"end":{"line":46,"column":7}}]},"10":{"loc":{"start":{"line":44,"column":10},"end":{"line":44,"column":52}},"type":"binary-expr","locations":[{"start":{"line":44,"column":10},"end":{"line":44,"column":22}},{"start":{"line":44,"column":26},"end":{"line":44,"column":52}}]}},"s":{"0":0,"1":0,"2":0,"3":0,"4":0,"5":0,"6":0,"7":0,"8":0,"9":0,"10":0,"11":0,"12":0,"13":0,"14":0,"15":0,"16":0,"17":0,"18":0,"19":0,"20":0,"21":0,"22":0,"23":0,"24":0,"25":0,"26":0,"27":0,"28":0},"f":{"0":0,"1":0},"b":{"0":[0,0],"1":[0,0],"2":[0],"3":[0,0],"4":[0],"5":[0],"6":[0,0],"7":[0],"8":[0],"9":[0],"10":[0,0]}}
,"/home/jibon/Desktop/development/CloudBox/cloudbox-backend/src/app/middlewares/globalErrorHandler.ts": {"path":"/home/jibon/Desktop/development/CloudBox/cloudbox-backend/src/app/middlewares/globalErrorHandler.ts","statementMap":{"0":{"start":{"line":2,"column":0},"end":{"line":2,"column":null}},"1":{"start":{"line":10,"column":0},"end":{"line":10,"column":37}},"2":{"start":{"line":11,"column":0},"end":{"line":11,"column":49}},"3":{"start":{"line":12,"column":0},"end":{"line":12,"column":28}},"4":{"start":{"line":13,"column":0},"end":{"line":13,"column":31}},"5":{"start":{"line":14,"column":0},"end":{"line":14,"column":34}},"6":{"start":{"line":15,"column":0},"end":{"line":15,"column":45}},"7":{"start":{"line":16,"column":0},"end":{"line":16,"column":63}},"8":{"start":{"line":17,"column":0},"end":{"line":17,"column":57}},"9":{"start":{"line":20,"column":27},"end":{"line":200,"column":1}},"10":{"start":{"line":26,"column":2},"end":{"line":29,"column":3}},"11":{"start":{"line":27,"column":4},"end":{"line":27,"column":79}},"12":{"start":{"line":28,"column":4},"end":{"line":28,"column":23}},"13":{"start":{"line":31,"column":27},"end":{"line":31,"column":59}},"14":{"start":{"line":32,"column":16},"end":{"line":32,"column":56}},"15":{"start":{"line":33,"column":46},"end":{"line":33,"column":48}},"16":{"start":{"line":36,"column":2},"end":{"line":190,"column":3}},"17":{"start":{"line":37,"column":4},"end":{"line":37,"column":40}},"18":{"start":{"line":38,"column":4},"end":{"line":38,"column":47}},"19":{"start":{"line":39,"column":4},"end":{"line":44,"column":6}},"20":{"start":{"line":48,"column":7},"end":{"line":190,"column":3}},"21":{"start":{"line":49,"column":28},"end":{"line":49,"column":49}},"22":{"start":{"line":50,"column":4},"end":{"line":50,"column":44}},"23":{"start":{"line":51,"column":4},"end":{"line":51,"column":38}},"24":{"start":{"line":52,"column":4},"end":{"line":52,"column":50}},"25":{"start":{"line":56,"column":7},"end":{"line":190,"column":3}},"26":{"start":{"line":57,"column":28},"end":{"line":57,"column":52}},"27":{"start":{"line":58,"column":4},"end":{"line":58,"column":44}},"28":{"start":{"line":59,"column":4},"end":{"line":59,"column":38}},"29":{"start":{"line":60,"column":4},"end":{"line":60,"column":50}},"30":{"start":{"line":64,"column":7},"end":{"line":190,"column":3}},"31":{"start":{"line":65,"column":4},"end":{"line":65,"column":35}},"32":{"start":{"line":66,"column":4},"end":{"line":66,"column":28}},"33":{"start":{"line":67,"column":4},"end":{"line":74,"column":11}},"34":{"start":{"line":78,"column":7},"end":{"line":190,"column":3}},"35":{"start":{"line":79,"column":4},"end":{"line":79,"column":29}},"36":{"start":{"line":80,"column":4},"end":{"line":87,"column":11}},"37":{"start":{"line":91,"column":7},"end":{"line":190,"column":3}},"38":{"start":{"line":92,"column":4},"end":{"line":92,"column":50}},"39":{"start":{"line":93,"column":4},"end":{"line":94,"column":100}},"40":{"start":{"line":95,"column":4},"end":{"line":100,"column":6}},"41":{"start":{"line":104,"column":7},"end":{"line":190,"column":3}},"42":{"start":{"line":105,"column":4},"end":{"line":105,"column":50}},"43":{"start":{"line":106,"column":4},"end":{"line":107,"column":80}},"44":{"start":{"line":108,"column":4},"end":{"line":113,"column":6}},"45":{"start":{"line":117,"column":7},"end":{"line":190,"column":3}},"46":{"start":{"line":118,"column":4},"end":{"line":118,"column":50}},"47":{"start":{"line":119,"column":4},"end":{"line":119,"column":72}},"48":{"start":{"line":120,"column":4},"end":{"line":125,"column":6}},"49":{"start":{"line":126,"column":9},"end":{"line":190,"column":3}},"50":{"start":{"line":127,"column":4},"end":{"line":127,"column":40}},"51":{"start":{"line":129,"column":4},"end":{"line":133,"column":5}},"52":{"start":{"line":130,"column":6},"end":{"line":130,"column":42}},"53":{"start":{"line":132,"column":6},"end":{"line":132,"column":30}},"54":{"start":{"line":135,"column":4},"end":{"line":140,"column":6}},"55":{"start":{"line":144,"column":7},"end":{"line":190,"column":3}},"56":{"start":{"line":145,"column":4},"end":{"line":145,"column":40}},"57":{"start":{"line":146,"column":4},"end":{"line":146,"column":71}},"58":{"start":{"line":147,"column":4},"end":{"line":152,"column":6}},"59":{"start":{"line":153,"column":9},"end":{"line":190,"column":3}},"60":{"start":{"line":154,"column":4},"end":{"line":154,"column":40}},"61":{"start":{"line":155,"column":4},"end":{"line":155,"column":73}},"62":{"start":{"line":156,"column":4},"end":{"line":161,"column":6}},"63":{"start":{"line":162,"column":9},"end":{"line":190,"column":3}},"64":{"start":{"line":163,"column":4},"end":{"line":163,"column":40}},"65":{"start":{"line":164,"column":4},"end":{"line":164,"column":78}},"66":{"start":{"line":165,"column":4},"end":{"line":170,"column":6}},"67":{"start":{"line":171,"column":9},"end":{"line":190,"column":3}},"68":{"start":{"line":172,"column":4},"end":{"line":172,"column":21}},"69":{"start":{"line":173,"column":4},"end":{"line":173,"column":63}},"70":{"start":{"line":174,"column":4},"end":{"line":179,"column":6}},"71":{"start":{"line":183,"column":4},"end":{"line":183,"column":46}},"72":{"start":{"line":184,"column":4},"end":{"line":189,"column":6}},"73":{"start":{"line":192,"column":2},"end":{"line":199,"column":5}},"74":{"start":{"line":202,"column":0},"end":{"line":202,"column":34}}},"fnMap":{"0":{"name":"(anonymous_1)","decl":{"start":{"line":20,"column":27},"end":{"line":20,"column":null}},"loc":{"start":{"line":25,"column":4},"end":{"line":200,"column":1}}}},"branchMap":{"0":{"loc":{"start":{"line":26,"column":2},"end":{"line":29,"column":3}},"type":"if","locations":[{"start":{"line":26,"column":2},"end":{"line":29,"column":3}}]},"1":{"loc":{"start":{"line":32,"column":16},"end":{"line":32,"column":56}},"type":"binary-expr","locations":[{"start":{"line":32,"column":16},"end":{"line":32,"column":29}},{"start":{"line":32,"column":33},"end":{"line":32,"column":56}}]},"2":{"loc":{"start":{"line":36,"column":2},"end":{"line":190,"column":3}},"type":"if","locations":[{"start":{"line":36,"column":2},"end":{"line":190,"column":3}},{"start":{"line":48,"column":7},"end":{"line":190,"column":3}}]},"3":{"loc":{"start":{"line":48,"column":7},"end":{"line":190,"column":3}},"type":"if","locations":[{"start":{"line":48,"column":7},"end":{"line":190,"column":3}},{"start":{"line":56,"column":7},"end":{"line":190,"column":3}}]},"4":{"loc":{"start":{"line":56,"column":7},"end":{"line":190,"column":3}},"type":"if","locations":[{"start":{"line":56,"column":7},"end":{"line":190,"column":3}},{"start":{"line":64,"column":7},"end":{"line":190,"column":3}}]},"5":{"loc":{"start":{"line":64,"column":7},"end":{"line":190,"column":3}},"type":"if","locations":[{"start":{"line":64,"column":7},"end":{"line":190,"column":3}},{"start":{"line":78,"column":7},"end":{"line":190,"column":3}}]},"6":{"loc":{"start":{"line":67,"column":20},"end":{"line":74,"column":10}},"type":"cond-expr","locations":[{"start":{"line":68,"column":8},"end":{"line":73,"column":null}},{"start":{"line":74,"column":8},"end":{"line":74,"column":10}}]},"7":{"loc":{"start":{"line":78,"column":7},"end":{"line":190,"column":3}},"type":"if","locations":[{"start":{"line":78,"column":7},"end":{"line":190,"column":3}},{"start":{"line":91,"column":7},"end":{"line":190,"column":3}}]},"8":{"loc":{"start":{"line":80,"column":20},"end":{"line":87,"column":10}},"type":"cond-expr","locations":[{"start":{"line":81,"column":8},"end":{"line":86,"column":null}},{"start":{"line":87,"column":8},"end":{"line":87,"column":10}}]},"9":{"loc":{"start":{"line":91,"column":7},"end":{"line":190,"column":3}},"type":"if","locations":[{"start":{"line":91,"column":7},"end":{"line":190,"column":3}},{"start":{"line":104,"column":7},"end":{"line":190,"column":3}}]},"10":{"loc":{"start":{"line":104,"column":7},"end":{"line":190,"column":3}},"type":"if","locations":[{"start":{"line":104,"column":7},"end":{"line":190,"column":3}},{"start":{"line":117,"column":7},"end":{"line":190,"column":3}}]},"11":{"loc":{"start":{"line":117,"column":7},"end":{"line":190,"column":3}},"type":"if","locations":[{"start":{"line":117,"column":7},"end":{"line":190,"column":3}},{"start":{"line":126,"column":9},"end":{"line":190,"column":3}}]},"12":{"loc":{"start":{"line":126,"column":9},"end":{"line":190,"column":3}},"type":"if","locations":[{"start":{"line":126,"column":9},"end":{"line":190,"column":3}},{"start":{"line":144,"column":7},"end":{"line":190,"column":3}}]},"13":{"loc":{"start":{"line":129,"column":4},"end":{"line":133,"column":5}},"type":"if","locations":[{"start":{"line":129,"column":4},"end":{"line":133,"column":5}},{"start":{"line":131,"column":11},"end":{"line":133,"column":5}}]},"14":{"loc":{"start":{"line":144,"column":7},"end":{"line":190,"column":3}},"type":"if","locations":[{"start":{"line":144,"column":7},"end":{"line":190,"column":3}},{"start":{"line":153,"column":9},"end":{"line":190,"column":3}}]},"15":{"loc":{"start":{"line":153,"column":9},"end":{"line":190,"column":3}},"type":"if","locations":[{"start":{"line":153,"column":9},"end":{"line":190,"column":3}},{"start":{"line":162,"column":9},"end":{"line":190,"column":3}}]},"16":{"loc":{"start":{"line":162,"column":9},"end":{"line":190,"column":3}},"type":"if","locations":[{"start":{"line":162,"column":9},"end":{"line":190,"column":3}},{"start":{"line":171,"column":9},"end":{"line":190,"column":3}}]},"17":{"loc":{"start":{"line":171,"column":9},"end":{"line":190,"column":3}},"type":"if","locations":[{"start":{"line":171,"column":9},"end":{"line":190,"column":3}},{"start":{"line":182,"column":7},"end":{"line":190,"column":3}}]},"18":{"loc":{"start":{"line":198,"column":8},"end":{"line":198,"column":66}},"type":"cond-expr","locations":[{"start":{"line":198,"column":38},"end":{"line":198,"column":61}},{"start":{"line":198,"column":64},"end":{"line":198,"column":66}}]}},"s":{"0":0,"1":0,"2":0,"3":0,"4":0,"5":0,"6":0,"7":0,"8":0,"9":0,"10":0,"11":0,"12":0,"13":0,"14":0,"15":0,"16":0,"17":0,"18":0,"19":0,"20":0,"21":0,"22":0,"23":0,"24":0,"25":0,"26":0,"27":0,"28":0,"29":0,"30":0,"31":0,"32":0,"33":0,"34":0,"35":0,"36":0,"37":0,"38":0,"39":0,"40":0,"41":0,"42":0,"43":0,"44":0,"45":0,"46":0,"47":0,"48":0,"49":0,"50":0,"51":0,"52":0,"53":0,"54":0,"55":0,"56":0,"57":0,"58":0,"59":0,"60":0,"61":0,"62":0,"63":0,"64":0,"65":0,"66":0,"67":0,"68":0,"69":0,"70":0,"71":0,"72":0,"73":0,"74":0},"f":{"0":0},"b":{"0":[0],"1":[0,0],"2":[0,0],"3":[0,0],"4":[0,0],"5":[0,0],"6":[0,0],"7":[0,0],"8":[0,0],"9":[0,0],"10":[0,0],"11":[0,0],"12":[0,0],"13":[0,0],"14":[0,0],"15":[0,0],"16":[0,0],"17":[0,0],"18":[0,0]}}
,"/home/jibon/Desktop/development/CloudBox/cloudbox-backend/src/app/middlewares/rateLimiter.ts": {"path":"/home/jibon/Desktop/development/CloudBox/cloudbox-backend/src/app/middlewares/rateLimiter.ts","statementMap":{"0":{"start":{"line":2,"column":0},"end":{"line":2,"column":47}},"1":{"start":{"line":11,"column":55},"end":{"line":11,"column":57}},"2":{"start":{"line":25,"column":33},"end":{"line":111,"column":1}},"3":{"start":{"line":32,"column":6},"end":{"line":32,"column":13}},"4":{"start":{"line":34,"column":2},"end":{"line":110,"column":4}},"5":{"start":{"line":35,"column":4},"end":{"line":109,"column":5}},"6":{"start":{"line":36,"column":18},"end":{"line":36,"column":82}},"7":{"start":{"line":37,"column":18},"end":{"line":37,"column":28}},"8":{"start":{"line":40,"column":6},"end":{"line":42,"column":7}},"9":{"start":{"line":41,"column":8},"end":{"line":41,"column":68}},"10":{"start":{"line":44,"column":20},"end":{"line":44,"column":39}},"11":{"start":{"line":47,"column":6},"end":{"line":60,"column":7}},"12":{"start":{"line":48,"column":30},"end":{"line":48,"column":74}},"13":{"start":{"line":49,"column":8},"end":{"line":53,"column":11}},"14":{"start":{"line":55,"column":8},"end":{"line":59,"column":11}},"15":{"start":{"line":63,"column":6},"end":{"line":67,"column":7}},"16":{"start":{"line":64,"column":8},"end":{"line":64,"column":24}},"17":{"start":{"line":65,"column":8},"end":{"line":65,"column":39}},"18":{"start":{"line":66,"column":8},"end":{"line":66,"column":39}},"19":{"start":{"line":70,"column":6},"end":{"line":70,"column":23}},"20":{"start":{"line":73,"column":6},"end":{"line":73,"column":62}},"21":{"start":{"line":74,"column":6},"end":{"line":74,"column":93}},"22":{"start":{"line":75,"column":6},"end":{"line":75,"column":82}},"23":{"start":{"line":78,"column":6},"end":{"line":94,"column":7}},"24":{"start":{"line":79,"column":30},"end":{"line":79,"column":79}},"25":{"start":{"line":80,"column":8},"end":{"line":80,"column":49}},"26":{"start":{"line":82,"column":8},"end":{"line":87,"column":11}},"27":{"start":{"line":89,"column":8},"end":{"line":93,"column":11}},"28":{"start":{"line":97,"column":6},"end":{"line":103,"column":7}},"29":{"start":{"line":98,"column":8},"end":{"line":102,"column":9}},"30":{"start":{"line":99,"column":10},"end":{"line":101,"column":11}},"31":{"start":{"line":100,"column":12},"end":{"line":100,"column":37}},"32":{"start":{"line":105,"column":6},"end":{"line":105,"column":13}},"33":{"start":{"line":107,"column":6},"end":{"line":107,"column":66}},"34":{"start":{"line":108,"column":6},"end":{"line":108,"column":13}},"35":{"start":{"line":25,"column":13},"end":{"line":25,"column":33}},"36":{"start":{"line":113,"column":0},"end":{"line":113,"column":33}}},"fnMap":{"0":{"name":"(anonymous_1)","decl":{"start":{"line":25,"column":33},"end":{"line":25,"column":34}},"loc":{"start":{"line":25,"column":68},"end":{"line":111,"column":1}}},"1":{"name":"(anonymous_2)","decl":{"start":{"line":34,"column":9},"end":{"line":34,"column":10}},"loc":{"start":{"line":34,"column":61},"end":{"line":110,"column":3}}}},"branchMap":{"0":{"loc":{"start":{"line":25,"column":34},"end":{"line":25,"column":64}},"type":"default-arg","locations":[{"start":{"line":25,"column":62},"end":{"line":25,"column":64}}]},"1":{"loc":{"start":{"line":27,"column":4},"end":{"line":27,"column":29}},"type":"default-arg","locations":[{"start":{"line":27,"column":15},"end":{"line":27,"column":29}}]},"2":{"loc":{"start":{"line":28,"column":4},"end":{"line":28,"column":21}},"type":"default-arg","locations":[{"start":{"line":28,"column":18},"end":{"line":28,"column":21}}]},"3":{"loc":{"start":{"line":29,"column":4},"end":{"line":29,"column":34}},"type":"default-arg","locations":[{"start":{"line":29,"column":29},"end":{"line":29,"column":34}}]},"4":{"loc":{"start":{"line":30,"column":4},"end":{"line":30,"column":30}},"type":"default-arg","locations":[{"start":{"line":30,"column":25},"end":{"line":30,"column":30}}]},"5":{"loc":{"start":{"line":31,"column":4},"end":{"line":31,"column":35}},"type":"default-arg","locations":[{"start":{"line":31,"column":21},"end":{"line":31,"column":35}}]},"6":{"loc":{"start":{"line":36,"column":18},"end":{"line":36,"column":82}},"type":"binary-expr","locations":[{"start":{"line":36,"column":18},"end":{"line":36,"column":24}},{"start":{"line":36,"column":28},"end":{"line":36,"column":70}},{"start":{"line":36,"column":74},"end":{"line":36,"column":82}}]},"7":{"loc":{"start":{"line":40,"column":6},"end":{"line":42,"column":7}},"type":"if","locations":[{"start":{"line":40,"column":6},"end":{"line":42,"column":7}}]},"8":{"loc":{"start":{"line":47,"column":6},"end":{"line":60,"column":7}},"type":"if","locations":[{"start":{"line":47,"column":6},"end":{"line":60,"column":7}}]},"9":{"loc":{"start":{"line":47,"column":10},"end":{"line":47,"column":56}},"type":"binary-expr","locations":[{"start":{"line":47,"column":10},"end":{"line":47,"column":28}},{"start":{"line":47,"column":32},"end":{"line":47,"column":56}}]},"10":{"loc":{"start":{"line":63,"column":6},"end":{"line":67,"column":7}},"type":"if","locations":[{"start":{"line":63,"column":6},"end":{"line":67,"column":7}}]},"11":{"loc":{"start":{"line":78,"column":6},"end":{"line":94,"column":7}},"type":"if","locations":[{"start":{"line":78,"column":6},"end":{"line":94,"column":7}}]},"12":{"loc":{"start":{"line":97,"column":6},"end":{"line":103,"column":7}},"type":"if","locations":[{"start":{"line":97,"column":6},"end":{"line":103,"column":7}}]},"13":{"loc":{"start":{"line":99,"column":10},"end":{"line":101,"column":11}},"type":"if","locations":[{"start":{"line":99,"column":10},"end":{"line":101,"column":11}}]}},"s":{"0":0,"1":0,"2":0,"3":0,"4":0,"5":0,"6":0,"7":0,"8":0,"9":0,"10":0,"11":0,"12":0,"13":0,"14":0,"15":0,"16":0,"17":0,"18":0,"19":0,"20":0,"21":0,"22":0,"23":0,"24":0,"25":0,"26":0,"27":0,"28":0,"29":0,"30":0,"31":0,"32":0,"33":0,"34":0,"35":0,"36":0},"f":{"0":0,"1":0},"b":{"0":[0],"1":[0],"2":[0],"3":[0],"4":[0],"5":[0],"6":[0,0,0],"7":[0],"8":[0],"9":[0,0],"10":[0],"11":[0],"12":[0],"13":[0]}}
,"/home/jibon/Desktop/development/CloudBox/cloudbox-backend/src/app/middlewares/sanitizeInput.ts": {"path":"/home/jibon/Desktop/development/CloudBox/cloudbox-backend/src/app/middlewares/sanitizeInput.ts","statementMap":{"0":{"start":{"line":7,"column":29},"end":{"line":24,"column":1}},"1":{"start":{"line":9,"column":2},"end":{"line":11,"column":3}},"2":{"start":{"line":10,"column":4},"end":{"line":10,"column":40}},"3":{"start":{"line":14,"column":2},"end":{"line":16,"column":3}},"4":{"start":{"line":15,"column":4},"end":{"line":15,"column":42}},"5":{"start":{"line":19,"column":2},"end":{"line":21,"column":3}},"6":{"start":{"line":20,"column":4},"end":{"line":20,"column":44}},"7":{"start":{"line":23,"column":2},"end":{"line":23,"column":9}},"8":{"start":{"line":7,"column":13},"end":{"line":7,"column":29}},"9":{"start":{"line":30,"column":2},"end":{"line":32,"column":3}},"10":{"start":{"line":31,"column":4},"end":{"line":31,"column":15}},"11":{"start":{"line":34,"column":2},"end":{"line":36,"column":3}},"12":{"start":{"line":35,"column":4},"end":{"line":35,"column":51}},"13":{"start":{"line":35,"column":29},"end":{"line":35,"column":49}},"14":{"start":{"line":38,"column":2},"end":{"line":46,"column":3}},"15":{"start":{"line":39,"column":43},"end":{"line":39,"column":45}},"16":{"start":{"line":40,"column":4},"end":{"line":44,"column":5}},"17":{"start":{"line":41,"column":6},"end":{"line":43,"column":7}},"18":{"start":{"line":42,"column":8},"end":{"line":42,"column":50}},"19":{"start":{"line":45,"column":4},"end":{"line":45,"column":21}},"20":{"start":{"line":48,"column":2},"end":{"line":50,"column":3}},"21":{"start":{"line":49,"column":4},"end":{"line":49,"column":31}},"22":{"start":{"line":52,"column":2},"end":{"line":52,"column":13}},"23":{"start":{"line":60,"column":2},"end":{"line":62,"column":3}},"24":{"start":{"line":61,"column":4},"end":{"line":61,"column":15}},"25":{"start":{"line":65,"column":18},"end":{"line":70,"column":25}},"26":{"start":{"line":73,"column":2},"end":{"line":73,"column":31}},"27":{"start":{"line":75,"column":2},"end":{"line":75,"column":19}},"28":{"start":{"line":78,"column":0},"end":{"line":78,"column":29}}},"fnMap":{"0":{"name":"(anonymous_0)","decl":{"start":{"line":7,"column":29},"end":{"line":7,"column":30}},"loc":{"start":{"line":7,"column":82},"end":{"line":24,"column":1}}},"1":{"name":"sanitizeObject","decl":{"start":{"line":29,"column":9},"end":{"line":29,"column":23}},"loc":{"start":{"line":29,"column":32},"end":{"line":53,"column":1}}},"2":{"name":"(anonymous_2)","decl":{"start":{"line":35,"column":19},"end":{"line":35,"column":20}},"loc":{"start":{"line":35,"column":29},"end":{"line":35,"column":49}}},"3":{"name":"sanitizeString","decl":{"start":{"line":59,"column":9},"end":{"line":59,"column":23}},"loc":{"start":{"line":59,"column":35},"end":{"line":76,"column":1}}}},"branchMap":{"0":{"loc":{"start":{"line":9,"column":2},"end":{"line":11,"column":3}},"type":"if","locations":[{"start":{"line":9,"column":2},"end":{"line":11,"column":3}}]},"1":{"loc":{"start":{"line":9,"column":6},"end":{"line":9,"column":46}},"type":"binary-expr","locations":[{"start":{"line":9,"column":6},"end":{"line":9,"column":14}},{"start":{"line":9,"column":18},"end":{"line":9,"column":46}}]},"2":{"loc":{"start":{"line":14,"column":2},"end":{"line":16,"column":3}},"type":"if","locations":[{"start":{"line":14,"column":2},"end":{"line":16,"column":3}}]},"3":{"loc":{"start":{"line":14,"column":6},"end":{"line":14,"column":48}},"type":"binary-expr","locations":[{"start":{"line":14,"column":6},"end":{"line":14,"column":15}},{"start":{"line":14,"column":19},"end":{"line":14,"column":48}}]},"4":{"loc":{"start":{"line":19,"column":2},"end":{"line":21,"column":3}},"type":"if","locations":[{"start":{"line":19,"column":2},"end":{"line":21,"column":3}}]},"5":{"loc":{"start":{"line":19,"column":6},"end":{"line":19,"column":50}},"type":"binary-expr","locations":[{"start":{"line":19,"column":6},"end":{"line":19,"column":16}},{"start":{"line":19,"column":20},"end":{"line":19,"column":50}}]},"6":{"loc":{"start":{"line":30,"column":2},"end":{"line":32,"column":3}},"type":"if","locations":[{"start":{"line":30,"column":2},"end":{"line":32,"column":3}}]},"7":{"loc":{"start":{"line":30,"column":6},"end":{"line":30,"column":39}},"type":"binary-expr","locations":[{"start":{"line":30,"column":6},"end":{"line":30,"column":18}},{"start":{"line":30,"column":22},"end":{"line":30,"column":39}}]},"8":{"loc":{"start":{"line":34,"column":2},"end":{"line":36,"column":3}},"type":"if","locations":[{"start":{"line":34,"column":2},"end":{"line":36,"column":3}}]},"9":{"loc":{"start":{"line":38,"column":2},"end":{"line":46,"column":3}},"type":"if","locations":[{"start":{"line":38,"column":2},"end":{"line":46,"column":3}}]},"10":{"loc":{"start":{"line":41,"column":6},"end":{"line":43,"column":7}},"type":"if","locations":[{"start":{"line":41,"column":6},"end":{"line":43,"column":7}}]},"11":{"loc":{"start":{"line":48,"column":2},"end":{"line":50,"column":3}},"type":"if","locations":[{"start":{"line":48,"column":2},"end":{"line":50,"column":3}}]},"12":{"loc":{"start":{"line":60,"column":2},"end":{"line":62,"column":3}},"type":"if","locations":[{"start":{"line":60,"column":2},"end":{"line":62,"column":3}}]}},"s":{"0":1,"1":9,"2":9,"3":9,"4":9,"5":9,"6":9,"7":9,"8":1,"9":44,"10":2,"11":42,"12":1,"13":2,"14":41,"15":29,"16":29,"17":15,"18":15,"19":29,"20":12,"21":10,"22":2,"23":10,"24":0,"25":10,"26":10,"27":10,"28":1},"f":{"0":9,"1":44,"2":2,"3":10},"b":{"0":[9],"1":[9,9],"2":[9],"3":[9,9],"4":[9],"5":[9,9],"6":[2],"7":[44,43],"8":[1],"9":[29],"10":[15],"11":[10],"12":[0]}}
,"/home/jibon/Desktop/development/CloudBox/cloudbox-backend/src/app/middlewares/validateImageContent.ts": {"path":"/home/jibon/Desktop/development/CloudBox/cloudbox-backend/src/app/middlewares/validateImageContent.ts","statementMap":{"0":{"start":{"line":1,"column":0},"end":{"line":1,"column":26}},"1":{"start":{"line":3,"column":0},"end":{"line":3,"column":20}},"2":{"start":{"line":5,"column":36},"end":{"line":23,"column":1}},"3":{"start":{"line":10,"column":2},"end":{"line":10,"column":31}},"4":{"start":{"line":10,"column":17},"end":{"line":10,"column":31}},"5":{"start":{"line":12,"column":2},"end":{"line":22,"column":3}},"6":{"start":{"line":14,"column":4},"end":{"line":14,"column":42}},"7":{"start":{"line":15,"column":4},"end":{"line":15,"column":11}},"8":{"start":{"line":17,"column":4},"end":{"line":17,"column":33}},"9":{"start":{"line":18,"column":4},"end":{"line":21,"column":7}},"10":{"start":{"line":5,"column":13},"end":{"line":5,"column":36}}},"fnMap":{"0":{"name":"(anonymous_1)","decl":{"start":{"line":5,"column":36},"end":{"line":5,"column":41}},"loc":{"start":{"line":9,"column":4},"end":{"line":23,"column":1}}}},"branchMap":{"0":{"loc":{"start":{"line":10,"column":2},"end":{"line":10,"column":31}},"type":"if","locations":[{"start":{"line":10,"column":2},"end":{"line":10,"column":31}}]}},"s":{"0":0,"1":0,"2":0,"3":0,"4":0,"5":0,"6":0,"7":0,"8":0,"9":0,"10":0},"f":{"0":0},"b":{"0":[0]}}
,"/home/jibon/Desktop/development/CloudBox/cloudbox-backend/src/app/middlewares/validateRequest.ts": {"path":"/home/jibon/Desktop/development/CloudBox/cloudbox-backend/src/app/middlewares/validateRequest.ts","statementMap":{"0":{"start":{"line":5,"column":2},"end":{"line":18,"column":3}},"1":{"start":{"line":6,"column":2},"end":{"line":18,"column":3}},"2":{"start":{"line":7,"column":4},"end":{"line":17,"column":5}},"3":{"start":{"line":8,"column":6},"end":{"line":13,"column":9}},"4":{"start":{"line":14,"column":6},"end":{"line":14,"column":20}},"5":{"start":{"line":16,"column":6},"end":{"line":16,"column":18}},"6":{"start":{"line":20,"column":13},"end":{"line":22,"column":2}}},"fnMap":{"0":{"name":"(anonymous_0)","decl":{"start":{"line":5,"column":2},"end":{"line":5,"column":3}},"loc":{"start":{"line":6,"column":2},"end":{"line":18,"column":3}}},"1":{"name":"(anonymous_1)","decl":{"start":{"line":6,"column":2},"end":{"line":6,"column":7}},"loc":{"start":{"line":6,"column":75},"end":{"line":18,"column":3}}}},"branchMap":{},"s":{"0":0,"1":0,"2":0,"3":0,"4":0,"5":0,"6":0},"f":{"0":0,"1":0},"b":{}}
,"/home/jibon/Desktop/development/CloudBox/cloudbox-backend/src/app/modules/admin/admin.controller.ts": {"path":"/home/jibon/Desktop/development/CloudBox/cloudbox-backend/src/app/modules/admin/admin.controller.ts","statementMap":{"0":{"start":{"line":2,"column":0},"end":{"line":2,"column":52}},"1":{"start":{"line":3,"column":0},"end":{"line":3,"column":56}},"2":{"start":{"line":4,"column":0},"end":{"line":4,"column":37}},"3":{"start":{"line":5,"column":0},"end":{"line":5,"column":45}},"4":{"start":{"line":7,"column":30},"end":{"line":23,"column":1}},"5":{"start":{"line":11,"column":2},"end":{"line":11,"column":34}},"6":{"start":{"line":11,"column":12},"end":{"line":11,"column":34}},"7":{"start":{"line":12,"column":14},"end":{"line":12,"column":24}},"8":{"start":{"line":13,"column":2},"end":{"line":22,"column":3}},"9":{"start":{"line":15,"column":6},"end":{"line":15,"column":63}},"10":{"start":{"line":17,"column":6},"end":{"line":17,"column":64}},"11":{"start":{"line":19,"column":6},"end":{"line":19,"column":65}},"12":{"start":{"line":21,"column":6},"end":{"line":21,"column":63}},"13":{"start":{"line":26,"column":25},"end":{"line":72,"column":2}},"14":{"start":{"line":28,"column":5},"end":{"line":28,"column":70}},"15":{"start":{"line":29,"column":15},"end":{"line":29,"column":51}},"16":{"start":{"line":30,"column":13},"end":{"line":30,"column":47}},"17":{"start":{"line":32,"column":20},"end":{"line":32,"column":55}},"18":{"start":{"line":33,"column":18},"end":{"line":33,"column":48}},"19":{"start":{"line":36,"column":20},"end":{"line":44,"column":4}},"20":{"start":{"line":47,"column":18},"end":{"line":47,"column":64}},"21":{"start":{"line":47,"column":39},"end":{"line":47,"column":47}},"22":{"start":{"line":48,"column":16},"end":{"line":53,"column":8}},"23":{"start":{"line":54,"column":39},"end":{"line":54,"column":41}},"24":{"start":{"line":55,"column":2},"end":{"line":55,"column":49}},"25":{"start":{"line":55,"column":29},"end":{"line":55,"column":46}},"26":{"start":{"line":57,"column":17},"end":{"line":64,"column":5}},"27":{"start":{"line":57,"column":39},"end":{"line":64,"column":4}},"28":{"start":{"line":66,"column":2},"end":{"line":71,"column":5}},"29":{"start":{"line":75,"column":21},"end":{"line":113,"column":2}},"30":{"start":{"line":76,"column":15},"end":{"line":76,"column":51}},"31":{"start":{"line":77,"column":13},"end":{"line":77,"column":47}},"32":{"start":{"line":79,"column":30},"end":{"line":79,"column":32}},"33":{"start":{"line":80,"column":2},"end":{"line":80,"column":48}},"34":{"start":{"line":80,"column":12},"end":{"line":80,"column":48}},"35":{"start":{"line":81,"column":2},"end":{"line":81,"column":44}},"36":{"start":{"line":81,"column":10},"end":{"line":81,"column":44}},"37":{"start":{"line":83,"column":21},"end":{"line":83,"column":46}},"38":{"start":{"line":84,"column":28},"end":{"line":84,"column":67}},"39":{"start":{"line":85,"column":27},"end":{"line":87,"column":4}},"40":{"start":{"line":90,"column":28},"end":{"line":90,"column":49}},"41":{"start":{"line":91,"column":2},"end":{"line":91,"column":56}},"42":{"start":{"line":91,"column":18},"end":{"line":91,"column":56}},"43":{"start":{"line":93,"column":22},"end":{"line":96,"column":4}},"44":{"start":{"line":98,"column":4},"end":{"line":100,"column":9}},"45":{"start":{"line":102,"column":2},"end":{"line":112,"column":5}},"46":{"start":{"line":115,"column":13},"end":{"line":118,"column":2}},"47":{"start":{"line":120,"column":0},"end":{"line":120,"column":31}}},"fnMap":{"0":{"name":"(anonymous_1)","decl":{"start":{"line":7,"column":30},"end":{"line":7,"column":null}},"loc":{"start":{"line":10,"column":4},"end":{"line":23,"column":1}}},"1":{"name":"(anonymous_2)","decl":{"start":{"line":26,"column":36},"end":{"line":26,"column":41}},"loc":{"start":{"line":26,"column":74},"end":{"line":72,"column":1}}},"2":{"name":"(anonymous_3)","decl":{"start":{"line":47,"column":27},"end":{"line":47,"column":28}},"loc":{"start":{"line":47,"column":39},"end":{"line":47,"column":47}}},"3":{"name":"(anonymous_4)","decl":{"start":{"line":55,"column":16},"end":{"line":55,"column":17}},"loc":{"start":{"line":55,"column":29},"end":{"line":55,"column":46}}},"4":{"name":"(anonymous_5)","decl":{"start":{"line":57,"column":26},"end":{"line":57,"column":27}},"loc":{"start":{"line":57,"column":39},"end":{"line":64,"column":4}}},"5":{"name":"(anonymous_6)","decl":{"start":{"line":75,"column":32},"end":{"line":75,"column":37}},"loc":{"start":{"line":75,"column":70},"end":{"line":113,"column":1}}}},"branchMap":{"0":{"loc":{"start":{"line":11,"column":2},"end":{"line":11,"column":34}},"type":"if","locations":[{"start":{"line":11,"column":2},"end":{"line":11,"column":34}}]},"1":{"loc":{"start":{"line":13,"column":2},"end":{"line":22,"column":3}},"type":"switch","locations":[{"start":{"line":14,"column":4},"end":{"line":15,"column":63}},{"start":{"line":16,"column":4},"end":{"line":17,"column":64}},{"start":{"line":18,"column":4},"end":{"line":19,"column":65}},{"start":{"line":20,"column":4},"end":{"line":21,"column":63}}]},"2":{"loc":{"start":{"line":28,"column":5},"end":{"line":28,"column":70}},"type":"binary-expr","locations":[{"start":{"line":28,"column":5},"end":{"line":28,"column":58}},{"start":{"line":28,"column":62},"end":{"line":28,"column":70}}]},"3":{"loc":{"start":{"line":33,"column":18},"end":{"line":33,"column":48}},"type":"cond-expr","locations":[{"start":{"line":33,"column":23},"end":{"line":33,"column":35}},{"start":{"line":33,"column":38},"end":{"line":33,"column":48}}]},"4":{"loc":{"start":{"line":48,"column":16},"end":{"line":53,"column":8}},"type":"cond-expr","locations":[{"start":{"line":49,"column":6},"end":{"line":52,"column":8}},{"start":{"line":53,"column":6},"end":{"line":53,"column":8}}]},"5":{"loc":{"start":{"line":58,"column":10},"end":{"line":58,"column":47}},"type":"binary-expr","locations":[{"start":{"line":58,"column":10},"end":{"line":58,"column":27}},{"start":{"line":58,"column":31},"end":{"line":58,"column":47}}]},"6":{"loc":{"start":{"line":59,"column":16},"end":{"line":59,"column":42}},"type":"cond-expr","locations":[{"start":{"line":59,"column":27},"end":{"line":59,"column":38}},{"start":{"line":59,"column":41},"end":{"line":59,"column":42}}]},"7":{"loc":{"start":{"line":61,"column":6},"end":{"line":63,"column":13}},"type":"cond-expr","locations":[{"start":{"line":62,"column":10},"end":{"line":62,"column":53}},{"start":{"line":63,"column":10},"end":{"line":63,"column":13}}]},"8":{"loc":{"start":{"line":61,"column":6},"end":{"line":61,"column":33}},"type":"binary-expr","locations":[{"start":{"line":61,"column":6},"end":{"line":61,"column":12}},{"start":{"line":61,"column":16},"end":{"line":61,"column":33}}]},"9":{"loc":{"start":{"line":80,"column":2},"end":{"line":80,"column":48}},"type":"if","locations":[{"start":{"line":80,"column":2},"end":{"line":80,"column":48}}]},"10":{"loc":{"start":{"line":81,"column":2},"end":{"line":81,"column":44}},"type":"if","locations":[{"start":{"line":81,"column":2},"end":{"line":81,"column":44}}]},"11":{"loc":{"start":{"line":91,"column":2},"end":{"line":91,"column":56}},"type":"if","locations":[{"start":{"line":91,"column":2},"end":{"line":91,"column":56}}]},"12":{"loc":{"start":{"line":91,"column":6},"end":{"line":91,"column":16}},"type":"binary-expr","locations":[{"start":{"line":91,"column":6},"end":{"line":91,"column":10}},{"start":{"line":91,"column":14},"end":{"line":91,"column":16}}]},"13":{"loc":{"start":{"line":98,"column":4},"end":{"line":100,"column":9}},"type":"cond-expr","locations":[{"start":{"line":99,"column":8},"end":{"line":99,"column":34}},{"start":{"line":100,"column":8},"end":{"line":100,"column":9}}]},"14":{"loc":{"start":{"line":98,"column":4},"end":{"line":98,"column":47}},"type":"binary-expr","locations":[{"start":{"line":98,"column":4},"end":{"line":98,"column":10}},{"start":{"line":98,"column":14},"end":{"line":98,"column":25}},{"start":{"line":98,"column":29},"end":{"line":98,"column":47}}]}},"s":{"0":0,"1":0,"2":0,"3":0,"4":0,"5":0,"6":0,"7":0,"8":0,"9":0,"10":0,"11":0,"12":0,"13":0,"14":0,"15":0,"16":0,"17":0,"18":0,"19":0,"20":0,"21":0,"22":0,"23":0,"24":0,"25":0,"26":0,"27":0,"28":0,"29":0,"30":0,"31":0,"32":0,"33":0,"34":0,"35":0,"36":0,"37":0,"38":0,"39":0,"40":0,"41":0,"42":0,"43":0,"44":0,"45":0,"46":0,"47":0},"f":{"0":0,"1":0,"2":0,"3":0,"4":0,"5":0},"b":{"0":[0],"1":[0,0,0,0],"2":[0,0],"3":[0,0],"4":[0,0],"5":[0,0],"6":[0,0],"7":[0,0],"8":[0,0],"9":[0],"10":[0],"11":[0],"12":[0,0],"13":[0,0],"14":[0,0,0]}}
,"/home/jibon/Desktop/development/CloudBox/cloudbox-backend/src/app/modules/admin/admin.routes.ts": {"path":"/home/jibon/Desktop/development/CloudBox/cloudbox-backend/src/app/modules/admin/admin.routes.ts","statementMap":{"0":{"start":{"line":1,"column":0},"end":{"line":1,"column":30}},"1":{"start":{"line":2,"column":0},"end":{"line":2,"column":42}},"2":{"start":{"line":3,"column":0},"end":{"line":3,"column":53}},"3":{"start":{"line":5,"column":15},"end":{"line":5,"column":31}},"4":{"start":{"line":8,"column":0},"end":{"line":12,"column":2}},"5":{"start":{"line":15,"column":0},"end":{"line":15,"column":68}},"6":{"start":{"line":17,"column":13},"end":{"line":17,"column":34}}},"fnMap":{},"branchMap":{},"s":{"0":0,"1":0,"2":0,"3":0,"4":0,"5":0,"6":0},"f":{},"b":{}}
,"/home/jibon/Desktop/development/CloudBox/cloudbox-backend/src/app/modules/auth/auth.controller.ts": {"path":"/home/jibon/Desktop/development/CloudBox/cloudbox-backend/src/app/modules/auth/auth.controller.ts","statementMap":{"0":{"start":{"line":2,"column":0},"end":{"line":2,"column":37}},"1":{"start":{"line":3,"column":0},"end":{"line":3,"column":52}},"2":{"start":{"line":4,"column":0},"end":{"line":4,"column":56}},"3":{"start":{"line":5,"column":0},"end":{"line":5,"column":45}},"4":{"start":{"line":6,"column":0},"end":{"line":6,"column":50}},"5":{"start":{"line":7,"column":0},"end":{"line":7,"column":48}},"6":{"start":{"line":8,"column":0},"end":{"line":8,"column":37}},"7":{"start":{"line":10,"column":14},"end":{"line":25,"column":2}},"8":{"start":{"line":11,"column":15},"end":{"line":11,"column":23}},"9":{"start":{"line":13,"column":2},"end":{"line":15,"column":3}},"10":{"start":{"line":14,"column":4},"end":{"line":14,"column":64}},"11":{"start":{"line":17,"column":17},"end":{"line":17,"column":59}},"12":{"start":{"line":19,"column":2},"end":{"line":24,"column":5}},"13":{"start":{"line":27,"column":19},"end":{"line":39,"column":null}},"14":{"start":{"line":29,"column":21},"end":{"line":29,"column":29}},"15":{"start":{"line":31,"column":19},"end":{"line":31,"column":57}},"16":{"start":{"line":33,"column":4},"end":{"line":38,"column":7}},"17":{"start":{"line":42,"column":23},"end":{"line":54,"column":null}},"18":{"start":{"line":44,"column":22},"end":{"line":44,"column":30}},"19":{"start":{"line":45,"column":19},"end":{"line":45,"column":68}},"20":{"start":{"line":47,"column":4},"end":{"line":53,"column":7}},"21":{"start":{"line":57,"column":22},"end":{"line":67,"column":null}},"22":{"start":{"line":59,"column":37},"end":{"line":59,"column":45}},"23":{"start":{"line":60,"column":4},"end":{"line":60,"column":58}},"24":{"start":{"line":61,"column":4},"end":{"line":66,"column":7}},"25":{"start":{"line":70,"column":21},"end":{"line":81,"column":null}},"26":{"start":{"line":72,"column":29},"end":{"line":72,"column":37}},"27":{"start":{"line":73,"column":19},"end":{"line":73,"column":69}},"28":{"start":{"line":75,"column":4},"end":{"line":80,"column":7}},"29":{"start":{"line":84,"column":14},"end":{"line":136,"column":2}},"30":{"start":{"line":85,"column":30},"end":{"line":85,"column":38}},"31":{"start":{"line":87,"column":17},"end":{"line":87,"column":57}},"32":{"start":{"line":90,"column":2},"end":{"line":98,"column":3}},"33":{"start":{"line":91,"column":4},"end":{"line":96,"column":7}},"34":{"start":{"line":97,"column":4},"end":{"line":97,"column":11}},"35":{"start":{"line":101,"column":2},"end":{"line":128,"column":3}},"36":{"start":{"line":102,"column":25},"end":{"line":102,"column":51}},"37":{"start":{"line":103,"column":26},"end":{"line":103,"column":53}},"38":{"start":{"line":104,"column":4},"end":{"line":125,"column":5}},"39":{"start":{"line":105,"column":21},"end":{"line":105,"column":48}},"40":{"start":{"line":107,"column":8},"end":{"line":107,"column":75}},"41":{"start":{"line":109,"column":8},"end":{"line":110,"column":32}},"42":{"start":{"line":111,"column":6},"end":{"line":117,"column":9}},"43":{"start":{"line":118,"column":6},"end":{"line":124,"column":9}},"44":{"start":{"line":130,"column":2},"end":{"line":135,"column":5}},"45":{"start":{"line":138,"column":20},"end":{"line":187,"column":null}},"46":{"start":{"line":140,"column":24},"end":{"line":140,"column":32}},"47":{"start":{"line":142,"column":19},"end":{"line":142,"column":57}},"48":{"start":{"line":145,"column":6},"end":{"line":145,"column":67}},"49":{"start":{"line":146,"column":4},"end":{"line":179,"column":5}},"50":{"start":{"line":147,"column":18},"end":{"line":147,"column":52}},"51":{"start":{"line":149,"column":6},"end":{"line":176,"column":7}},"52":{"start":{"line":150,"column":29},"end":{"line":150,"column":55}},"53":{"start":{"line":151,"column":30},"end":{"line":151,"column":57}},"54":{"start":{"line":152,"column":23},"end":{"line":152,"column":50}},"55":{"start":{"line":154,"column":10},"end":{"line":154,"column":77}},"56":{"start":{"line":156,"column":10},"end":{"line":157,"column":34}},"57":{"start":{"line":158,"column":8},"end":{"line":173,"column":9}},"58":{"start":{"line":159,"column":10},"end":{"line":165,"column":13}},"59":{"start":{"line":166,"column":10},"end":{"line":172,"column":13}},"60":{"start":{"line":177,"column":26},"end":{"line":177,"column":101}},"61":{"start":{"line":178,"column":6},"end":{"line":178,"column":44}},"62":{"start":{"line":181,"column":4},"end":{"line":186,"column":7}},"63":{"start":{"line":190,"column":23},"end":{"line":218,"column":2}},"64":{"start":{"line":191,"column":19},"end":{"line":191,"column":47}},"65":{"start":{"line":192,"column":2},"end":{"line":196,"column":6}},"66":{"start":{"line":193,"column":4},"end":{"line":196,"column":6}},"67":{"start":{"line":199,"column":4},"end":{"line":200,"column":63}},"68":{"start":{"line":202,"column":17},"end":{"line":209,"column":4}},"69":{"start":{"line":211,"column":14},"end":{"line":211,"column":81}},"70":{"start":{"line":212,"column":2},"end":{"line":217,"column":5}},"71":{"start":{"line":220,"column":23},"end":{"line":302,"column":2}},"72":{"start":{"line":221,"column":16},"end":{"line":221,"column":54}},"73":{"start":{"line":222,"column":2},"end":{"line":222,"column":72}},"74":{"start":{"line":222,"column":13},"end":{"line":222,"column":72}},"75":{"start":{"line":224,"column":19},"end":{"line":224,"column":57}},"76":{"start":{"line":225,"column":23},"end":{"line":225,"column":65}},"77":{"start":{"line":227,"column":4},"end":{"line":228,"column":63}},"78":{"start":{"line":230,"column":20},"end":{"line":240,"column":4}},"79":{"start":{"line":242,"column":2},"end":{"line":248,"column":3}},"80":{"start":{"line":243,"column":16},"end":{"line":243,"column":38}},"81":{"start":{"line":244,"column":4},"end":{"line":247,"column":6}},"82":{"start":{"line":250,"column":20},"end":{"line":250,"column":42}},"83":{"start":{"line":251,"column":18},"end":{"line":251,"column":58}},"84":{"start":{"line":252,"column":2},"end":{"line":253,"column":80}},"85":{"start":{"line":253,"column":4},"end":{"line":253,"column":80}},"86":{"start":{"line":255,"column":17},"end":{"line":255,"column":55}},"87":{"start":{"line":258,"column":2},"end":{"line":284,"column":3}},"88":{"start":{"line":259,"column":25},"end":{"line":259,"column":51}},"89":{"start":{"line":260,"column":26},"end":{"line":260,"column":53}},"90":{"start":{"line":261,"column":19},"end":{"line":261,"column":46}},"91":{"start":{"line":263,"column":6},"end":{"line":263,"column":73}},"92":{"start":{"line":265,"column":6},"end":{"line":265,"column":79}},"93":{"start":{"line":266,"column":4},"end":{"line":281,"column":5}},"94":{"start":{"line":267,"column":6},"end":{"line":273,"column":9}},"95":{"start":{"line":274,"column":6},"end":{"line":280,"column":9}},"96":{"start":{"line":287,"column":4},"end":{"line":289,"column":35}},"97":{"start":{"line":290,"column":2},"end":{"line":294,"column":3}},"98":{"start":{"line":291,"column":16},"end":{"line":291,"column":52}},"99":{"start":{"line":292,"column":24},"end":{"line":292,"column":101}},"100":{"start":{"line":293,"column":4},"end":{"line":293,"column":42}},"101":{"start":{"line":296,"column":2},"end":{"line":301,"column":5}},"102":{"start":{"line":304,"column":28},"end":{"line":352,"column":null}},"103":{"start":{"line":306,"column":27},"end":{"line":306,"column":35}},"104":{"start":{"line":308,"column":15},"end":{"line":308,"column":42}},"105":{"start":{"line":309,"column":4},"end":{"line":311,"column":5}},"106":{"start":{"line":310,"column":6},"end":{"line":310,"column":76}},"107":{"start":{"line":314,"column":19},"end":{"line":314,"column":61}},"108":{"start":{"line":317,"column":4},"end":{"line":344,"column":5}},"109":{"start":{"line":318,"column":27},"end":{"line":318,"column":53}},"110":{"start":{"line":319,"column":28},"end":{"line":319,"column":55}},"111":{"start":{"line":320,"column":21},"end":{"line":320,"column":48}},"112":{"start":{"line":322,"column":8},"end":{"line":322,"column":75}},"113":{"start":{"line":324,"column":8},"end":{"line":325,"column":32}},"114":{"start":{"line":326,"column":6},"end":{"line":341,"column":7}},"115":{"start":{"line":327,"column":8},"end":{"line":333,"column":11}},"116":{"start":{"line":334,"column":8},"end":{"line":340,"column":11}},"117":{"start":{"line":346,"column":4},"end":{"line":351,"column":7}},"118":{"start":{"line":355,"column":13},"end":{"line":366,"column":2}}},"fnMap":{"0":{"name":"(anonymous_1)","decl":{"start":{"line":10,"column":25},"end":{"line":10,"column":30}},"loc":{"start":{"line":10,"column":78},"end":{"line":25,"column":1}}},"1":{"name":"(anonymous_2)","decl":{"start":{"line":28,"column":2},"end":{"line":28,"column":7}},"loc":{"start":{"line":28,"column":55},"end":{"line":39,"column":3}}},"2":{"name":"(anonymous_3)","decl":{"start":{"line":43,"column":2},"end":{"line":43,"column":7}},"loc":{"start":{"line":43,"column":55},"end":{"line":54,"column":3}}},"3":{"name":"(anonymous_4)","decl":{"start":{"line":58,"column":2},"end":{"line":58,"column":7}},"loc":{"start":{"line":58,"column":55},"end":{"line":67,"column":3}}},"4":{"name":"(anonymous_5)","decl":{"start":{"line":71,"column":2},"end":{"line":71,"column":7}},"loc":{"start":{"line":71,"column":55},"end":{"line":81,"column":3}}},"5":{"name":"(anonymous_6)","decl":{"start":{"line":84,"column":25},"end":{"line":84,"column":30}},"loc":{"start":{"line":84,"column":78},"end":{"line":136,"column":1}}},"6":{"name":"(anonymous_7)","decl":{"start":{"line":139,"column":2},"end":{"line":139,"column":7}},"loc":{"start":{"line":139,"column":55},"end":{"line":187,"column":3}}},"7":{"name":"(anonymous_8)","decl":{"start":{"line":190,"column":34},"end":{"line":190,"column":39}},"loc":{"start":{"line":190,"column":72},"end":{"line":218,"column":1}}},"8":{"name":"(anonymous_9)","decl":{"start":{"line":220,"column":34},"end":{"line":220,"column":39}},"loc":{"start":{"line":220,"column":72},"end":{"line":302,"column":1}}},"9":{"name":"(anonymous_10)","decl":{"start":{"line":305,"column":2},"end":{"line":305,"column":7}},"loc":{"start":{"line":305,"column":55},"end":{"line":352,"column":3}}}},"branchMap":{"0":{"loc":{"start":{"line":13,"column":2},"end":{"line":15,"column":3}},"type":"if","locations":[{"start":{"line":13,"column":2},"end":{"line":15,"column":3}}]},"1":{"loc":{"start":{"line":13,"column":6},"end":{"line":13,"column":23}},"type":"binary-expr","locations":[{"start":{"line":13,"column":6},"end":{"line":13,"column":11}},{"start":{"line":13,"column":15},"end":{"line":13,"column":23}}]},"2":{"loc":{"start":{"line":90,"column":2},"end":{"line":98,"column":3}},"type":"if","locations":[{"start":{"line":90,"column":2},"end":{"line":98,"column":3}}]},"3":{"loc":{"start":{"line":104,"column":4},"end":{"line":125,"column":5}},"type":"if","locations":[{"start":{"line":104,"column":4},"end":{"line":125,"column":5}}]},"4":{"loc":{"start":{"line":104,"column":8},"end":{"line":104,"column":35}},"type":"binary-expr","locations":[{"start":{"line":104,"column":8},"end":{"line":104,"column":19}},{"start":{"line":104,"column":23},"end":{"line":104,"column":35}}]},"5":{"loc":{"start":{"line":107,"column":8},"end":{"line":107,"column":75}},"type":"binary-expr","locations":[{"start":{"line":107,"column":8},"end":{"line":107,"column":52}},{"start":{"line":107,"column":56},"end":{"line":107,"column":75}}]},"6":{"loc":{"start":{"line":109,"column":8},"end":{"line":110,"column":32}},"type":"binary-expr","locations":[{"start":{"line":109,"column":8},"end":{"line":109,"column":53}},{"start":{"line":110,"column":8},"end":{"line":110,"column":32}}]},"7":{"loc":{"start":{"line":145,"column":6},"end":{"line":145,"column":67}},"type":"binary-expr","locations":[{"start":{"line":145,"column":6},"end":{"line":145,"column":37}},{"start":{"line":145,"column":41},"end":{"line":145,"column":67}}]},"8":{"loc":{"start":{"line":146,"column":4},"end":{"line":179,"column":5}},"type":"if","locations":[{"start":{"line":146,"column":4},"end":{"line":179,"column":5}}]},"9":{"loc":{"start":{"line":147,"column":18},"end":{"line":147,"column":52}},"type":"cond-expr","locations":[{"start":{"line":147,"column":43},"end":{"line":147,"column":46}},{"start":{"line":147,"column":49},"end":{"line":147,"column":52}}]},"10":{"loc":{"start":{"line":154,"column":10},"end":{"line":154,"column":77}},"type":"binary-expr","locations":[{"start":{"line":154,"column":10},"end":{"line":154,"column":54}},{"start":{"line":154,"column":58},"end":{"line":154,"column":77}}]},"11":{"loc":{"start":{"line":156,"column":10},"end":{"line":157,"column":34}},"type":"binary-expr","locations":[{"start":{"line":156,"column":10},"end":{"line":156,"column":55}},{"start":{"line":157,"column":10},"end":{"line":157,"column":34}}]},"12":{"loc":{"start":{"line":158,"column":8},"end":{"line":173,"column":9}},"type":"if","locations":[{"start":{"line":158,"column":8},"end":{"line":173,"column":9}}]},"13":{"loc":{"start":{"line":158,"column":12},"end":{"line":158,"column":39}},"type":"binary-expr","locations":[{"start":{"line":158,"column":12},"end":{"line":158,"column":23}},{"start":{"line":158,"column":27},"end":{"line":158,"column":39}}]},"14":{"loc":{"start":{"line":192,"column":2},"end":{"line":196,"column":6}},"type":"if","locations":[{"start":{"line":192,"column":2},"end":{"line":196,"column":6}}]},"15":{"loc":{"start":{"line":199,"column":4},"end":{"line":200,"column":63}},"type":"binary-expr","locations":[{"start":{"line":199,"column":4},"end":{"line":199,"column":35}},{"start":{"line":200,"column":4},"end":{"line":200,"column":63}}]},"16":{"loc":{"start":{"line":221,"column":16},"end":{"line":221,"column":54}},"type":"binary-expr","locations":[{"start":{"line":221,"column":16},"end":{"line":221,"column":41}},{"start":{"line":221,"column":45},"end":{"line":221,"column":54}}]},"17":{"loc":{"start":{"line":222,"column":2},"end":{"line":222,"column":72}},"type":"if","locations":[{"start":{"line":222,"column":2},"end":{"line":222,"column":72}}]},"18":{"loc":{"start":{"line":227,"column":4},"end":{"line":228,"column":63}},"type":"binary-expr","locations":[{"start":{"line":227,"column":4},"end":{"line":227,"column":35}},{"start":{"line":228,"column":4},"end":{"line":228,"column":63}}]},"19":{"loc":{"start":{"line":242,"column":2},"end":{"line":248,"column":3}},"type":"if","locations":[{"start":{"line":242,"column":2},"end":{"line":248,"column":3}}]},"20":{"loc":{"start":{"line":252,"column":2},"end":{"line":253,"column":80}},"type":"if","locations":[{"start":{"line":252,"column":2},"end":{"line":253,"column":80}}]},"21":{"loc":{"start":{"line":263,"column":6},"end":{"line":263,"column":73}},"type":"binary-expr","locations":[{"start":{"line":263,"column":6},"end":{"line":263,"column":50}},{"start":{"line":263,"column":54},"end":{"line":263,"column":73}}]},"22":{"loc":{"start":{"line":265,"column":6},"end":{"line":265,"column":79}},"type":"binary-expr","locations":[{"start":{"line":265,"column":6},"end":{"line":265,"column":51}},{"start":{"line":265,"column":55},"end":{"line":265,"column":79}}]},"23":{"loc":{"start":{"line":266,"column":4},"end":{"line":281,"column":5}},"type":"if","locations":[{"start":{"line":266,"column":4},"end":{"line":281,"column":5}}]},"24":{"loc":{"start":{"line":266,"column":8},"end":{"line":266,"column":35}},"type":"binary-expr","locations":[{"start":{"line":266,"column":8},"end":{"line":266,"column":19}},{"start":{"line":266,"column":23},"end":{"line":266,"column":35}}]},"25":{"loc":{"start":{"line":287,"column":4},"end":{"line":289,"column":35}},"type":"binary-expr","locations":[{"start":{"line":287,"column":4},"end":{"line":287,"column":35}},{"start":{"line":288,"column":4},"end":{"line":288,"column":28}},{"start":{"line":289,"column":4},"end":{"line":289,"column":35}}]},"26":{"loc":{"start":{"line":290,"column":2},"end":{"line":294,"column":3}},"type":"if","locations":[{"start":{"line":290,"column":2},"end":{"line":294,"column":3}}]},"27":{"loc":{"start":{"line":291,"column":16},"end":{"line":291,"column":52}},"type":"cond-expr","locations":[{"start":{"line":291,"column":43},"end":{"line":291,"column":46}},{"start":{"line":291,"column":49},"end":{"line":291,"column":52}}]},"28":{"loc":{"start":{"line":309,"column":4},"end":{"line":311,"column":5}},"type":"if","locations":[{"start":{"line":309,"column":4},"end":{"line":311,"column":5}}]},"29":{"loc":{"start":{"line":322,"column":8},"end":{"line":322,"column":75}},"type":"binary-expr","locations":[{"start":{"line":322,"column":8},"end":{"line":322,"column":52}},{"start":{"line":322,"column":56},"end":{"line":322,"column":75}}]},"30":{"loc":{"start":{"line":324,"column":8},"end":{"line":325,"column":32}},"type":"binary-expr","locations":[{"start":{"line":324,"column":8},"end":{"line":324,"column":53}},{"start":{"line":325,"column":8},"end":{"line":325,"column":32}}]},"31":{"loc":{"start":{"line":326,"column":6},"end":{"line":341,"column":7}},"type":"if","locations":[{"start":{"line":326,"column":6},"end":{"line":341,"column":7}}]},"32":{"loc":{"start":{"line":326,"column":10},"end":{"line":326,"column":37}},"type":"binary-expr","locations":[{"start":{"line":326,"column":10},"end":{"line":326,"column":21}},{"start":{"line":326,"column":25},"end":{"line":326,"column":37}}]}},"s":{"0":0,"1":0,"2":0,"3":0,"4":0,"5":0,"6":0,"7":0,"8":0,"9":0,"10":0,"11":0,"12":0,"13":0,"14":0,"15":0,"16":0,"17":0,"18":0,"19":0,"20":0,"21":0,"22":0,"23":0,"24":0,"25":0,"26":0,"27":0,"28":0,"29":0,"30":0,"31":0,"32":0,"33":0,"34":0,"35":0,"36":0,"37":0,"38":0,"39":0,"40":0,"41":0,"42":0,"43":0,"44":0,"45":0,"46":0,"47":0,"48":0,"49":0,"50":0,"51":0,"52":0,"53":0,"54":0,"55":0,"56":0,"57":0,"58":0,"59":0,"60":0,"61":0,"62":0,"63":0,"64":0,"65":0,"66":0,"67":0,"68":0,"69":0,"70":0,"71":0,"72":0,"73":0,"74":0,"75":0,"76":0,"77":0,"78":0,"79":0,"80":0,"81":0,"82":0,"83":0,"84":0,"85":0,"86":0,"87":0,"88":0,"89":0,"90":0,"91":0,"92":0,"93":0,"94":0,"95":0,"96":0,"97":0,"98":0,"99":0,"100":0,"101":0,"102":0,"103":0,"104":0,"105":0,"106":0,"107":0,"108":0,"109":0,"110":0,"111":0,"112":0,"113":0,"114":0,"115":0,"116":0,"117":0,"118":0},"f":{"0":0,"1":0,"2":0,"3":0,"4":0,"5":0,"6":0,"7":0,"8":0,"9":0},"b":{"0":[0],"1":[0,0],"2":[0],"3":[0],"4":[0,0],"5":[0,0],"6":[0,0],"7":[0,0],"8":[0],"9":[0,0],"10":[0,0],"11":[0,0],"12":[0],"13":[0,0],"14":[0],"15":[0,0],"16":[0,0],"17":[0],"18":[0,0],"19":[0],"20":[0],"21":[0,0],"22":[0,0],"23":[0],"24":[0,0],"25":[0,0,0],"26":[0],"27":[0,0],"28":[0],"29":[0,0],"30":[0,0],"31":[0],"32":[0,0]}}
,"/home/jibon/Desktop/development/CloudBox/cloudbox-backend/src/app/modules/auth/auth.route.ts": {"path":"/home/jibon/Desktop/development/CloudBox/cloudbox-backend/src/app/modules/auth/auth.route.ts","statementMap":{"0":{"start":{"line":1,"column":0},"end":{"line":1,"column":53}},"1":{"start":{"line":2,"column":0},"end":{"line":2,"column":42}},"2":{"start":{"line":3,"column":0},"end":{"line":3,"column":51}},"3":{"start":{"line":5,"column":0},"end":{"line":5,"column":70}},"4":{"start":{"line":6,"column":0},"end":{"line":6,"column":51}},"5":{"start":{"line":8,"column":15},"end":{"line":8,"column":31}},"6":{"start":{"line":10,"column":0},"end":{"line":14,"column":2}},"7":{"start":{"line":16,"column":0},"end":{"line":16,"column":63}},"8":{"start":{"line":18,"column":0},"end":{"line":22,"column":2}},"9":{"start":{"line":25,"column":0},"end":{"line":25,"column":53}},"10":{"start":{"line":28,"column":0},"end":{"line":28,"column":62}},"11":{"start":{"line":30,"column":0},"end":{"line":34,"column":2}},"12":{"start":{"line":36,"column":0},"end":{"line":40,"column":2}},"13":{"start":{"line":42,"column":0},"end":{"line":46,"column":2}},"14":{"start":{"line":48,"column":0},"end":{"line":52,"column":2}},"15":{"start":{"line":54,"column":13},"end":{"line":54,"column":33}}},"fnMap":{},"branchMap":{},"s":{"0":0,"1":0,"2":0,"3":0,"4":0,"5":0,"6":0,"7":0,"8":0,"9":0,"10":0,"11":0,"12":0,"13":0,"14":0,"15":0},"f":{},"b":{}}
,"/home/jibon/Desktop/development/CloudBox/cloudbox-backend/src/app/modules/auth/auth.service.ts": {"path":"/home/jibon/Desktop/development/CloudBox/cloudbox-backend/src/app/modules/auth/auth.service.ts","statementMap":{"0":{"start":{"line":1,"column":0},"end":{"line":1,"column":37}},"1":{"start":{"line":2,"column":0},"end":{"line":2,"column":48}},"2":{"start":{"line":3,"column":0},"end":{"line":3,"column":45}},"3":{"start":{"line":4,"column":0},"end":{"line":4,"column":61}},"4":{"start":{"line":6,"column":0},"end":{"line":6,"column":57}},"5":{"start":{"line":7,"column":0},"end":{"line":7,"column":68}},"6":{"start":{"line":8,"column":0},"end":{"line":8,"column":59}},"7":{"start":{"line":9,"column":0},"end":{"line":9,"column":48}},"8":{"start":{"line":10,"column":0},"end":{"line":10,"column":64}},"9":{"start":{"line":11,"column":0},"end":{"line":11,"column":55}},"10":{"start":{"line":12,"column":0},"end":{"line":12,"column":37}},"11":{"start":{"line":13,"column":0},"end":{"line":13,"column":36}},"12":{"start":{"line":14,"column":0},"end":{"line":14,"column":50}},"13":{"start":{"line":15,"column":0},"end":{"line":15,"column":60}},"14":{"start":{"line":18,"column":14},"end":{"line":31,"column":1}},"15":{"start":{"line":19,"column":15},"end":{"line":19,"column":66}},"16":{"start":{"line":21,"column":2},"end":{"line":23,"column":3}},"17":{"start":{"line":22,"column":4},"end":{"line":22,"column":63}},"18":{"start":{"line":25,"column":23},"end":{"line":28,"column":4}},"19":{"start":{"line":30,"column":2},"end":{"line":30,"column":74}},"20":{"start":{"line":33,"column":19},"end":{"line":115,"column":1}},"21":{"start":{"line":35,"column":19},"end":{"line":37,"column":4}},"22":{"start":{"line":38,"column":2},"end":{"line":67,"column":3}},"23":{"start":{"line":39,"column":4},"end":{"line":63,"column":5}},"24":{"start":{"line":41,"column":6},"end":{"line":51,"column":7}},"25":{"start":{"line":42,"column":20},"end":{"line":42,"column":33}},"26":{"start":{"line":43,"column":8},"end":{"line":43,"column":43}},"27":{"start":{"line":44,"column":21},"end":{"line":44,"column":34}},"28":{"start":{"line":45,"column":8},"end":{"line":45,"column":74}},"29":{"start":{"line":47,"column":8},"end":{"line":50,"column":10}},"30":{"start":{"line":53,"column":6},"end":{"line":62,"column":8}},"31":{"start":{"line":66,"column":4},"end":{"line":66,"column":67}},"32":{"start":{"line":70,"column":23},"end":{"line":70,"column":56}},"33":{"start":{"line":72,"column":15},"end":{"line":83,"column":4}},"34":{"start":{"line":85,"column":2},"end":{"line":87,"column":3}},"35":{"start":{"line":86,"column":4},"end":{"line":86,"column":72}},"36":{"start":{"line":90,"column":2},"end":{"line":103,"column":3}},"37":{"start":{"line":91,"column":16},"end":{"line":91,"column":29}},"38":{"start":{"line":93,"column":4},"end":{"line":93,"column":35}},"39":{"start":{"line":94,"column":17},"end":{"line":94,"column":30}},"40":{"start":{"line":95,"column":4},"end":{"line":95,"column":66}},"41":{"start":{"line":99,"column":4},"end":{"line":102,"column":6}},"42":{"start":{"line":105,"column":2},"end":{"line":114,"column":4}},"43":{"start":{"line":118,"column":15},"end":{"line":118,"column":65}},"44":{"start":{"line":120,"column":2},"end":{"line":134,"column":3}},"45":{"start":{"line":121,"column":4},"end":{"line":133,"column":5}},"46":{"start":{"line":122,"column":18},"end":{"line":122,"column":31}},"47":{"start":{"line":123,"column":20},"end":{"line":123,"column":79}},"48":{"start":{"line":124,"column":6},"end":{"line":124,"column":44}},"49":{"start":{"line":125,"column":19},"end":{"line":125,"column":32}},"50":{"start":{"line":126,"column":6},"end":{"line":126,"column":69}},"51":{"start":{"line":127,"column":6},"end":{"line":127,"column":76}},"52":{"start":{"line":129,"column":6},"end":{"line":132,"column":8}},"53":{"start":{"line":136,"column":2},"end":{"line":136,"column":24}},"54":{"start":{"line":140,"column":2},"end":{"line":140,"column":78}},"55":{"start":{"line":140,"column":14},"end":{"line":140,"column":78}},"56":{"start":{"line":142,"column":26},"end":{"line":142,"column":71}},"57":{"start":{"line":145,"column":13},"end":{"line":145,"column":50}},"58":{"start":{"line":146,"column":2},"end":{"line":146,"column":80}},"59":{"start":{"line":146,"column":11},"end":{"line":146,"column":80}},"60":{"start":{"line":148,"column":15},"end":{"line":150,"column":4}},"61":{"start":{"line":151,"column":2},"end":{"line":151,"column":72}},"62":{"start":{"line":151,"column":13},"end":{"line":151,"column":72}},"63":{"start":{"line":153,"column":17},"end":{"line":153,"column":44}},"64":{"start":{"line":154,"column":2},"end":{"line":157,"column":5}},"65":{"start":{"line":159,"column":2},"end":{"line":159,"column":27}},"66":{"start":{"line":163,"column":15},"end":{"line":163,"column":65}},"67":{"start":{"line":164,"column":2},"end":{"line":164,"column":72}},"68":{"start":{"line":164,"column":13},"end":{"line":164,"column":72}},"69":{"start":{"line":167,"column":2},"end":{"line":172,"column":3}},"70":{"start":{"line":168,"column":4},"end":{"line":171,"column":7}},"71":{"start":{"line":175,"column":2},"end":{"line":180,"column":3}},"72":{"start":{"line":176,"column":4},"end":{"line":179,"column":6}},"73":{"start":{"line":182,"column":18},"end":{"line":182,"column":52}},"74":{"start":{"line":183,"column":24},"end":{"line":183,"column":61}},"75":{"start":{"line":184,"column":25},"end":{"line":184,"column":64}},"76":{"start":{"line":185,"column":22},"end":{"line":188,"column":null}},"77":{"start":{"line":192,"column":4},"end":{"line":192,"column":60}},"78":{"start":{"line":193,"column":23},"end":{"line":196,"column":null}},"79":{"start":{"line":199,"column":2},"end":{"line":210,"column":4}},"80":{"start":{"line":214,"column":15},"end":{"line":214,"column":65}},"81":{"start":{"line":216,"column":2},"end":{"line":218,"column":3}},"82":{"start":{"line":217,"column":4},"end":{"line":217,"column":71}},"83":{"start":{"line":220,"column":18},"end":{"line":220,"column":60}},"84":{"start":{"line":221,"column":2},"end":{"line":223,"column":3}},"85":{"start":{"line":222,"column":4},"end":{"line":222,"column":71}},"86":{"start":{"line":226,"column":2},"end":{"line":249,"column":3}},"87":{"start":{"line":227,"column":4},"end":{"line":237,"column":5}},"88":{"start":{"line":228,"column":18},"end":{"line":228,"column":31}},"89":{"start":{"line":229,"column":6},"end":{"line":229,"column":37}},"90":{"start":{"line":230,"column":19},"end":{"line":230,"column":32}},"91":{"start":{"line":231,"column":6},"end":{"line":231,"column":68}},"92":{"start":{"line":233,"column":6},"end":{"line":236,"column":8}},"93":{"start":{"line":239,"column":4},"end":{"line":248,"column":6}},"94":{"start":{"line":252,"column":2},"end":{"line":257,"column":3}},"95":{"start":{"line":253,"column":4},"end":{"line":256,"column":6}},"96":{"start":{"line":259,"column":18},"end":{"line":259,"column":54}},"97":{"start":{"line":260,"column":24},"end":{"line":260,"column":61}},"98":{"start":{"line":261,"column":25},"end":{"line":261,"column":64}},"99":{"start":{"line":262,"column":22},"end":{"line":265,"column":null}},"100":{"start":{"line":269,"column":4},"end":{"line":269,"column":60}},"101":{"start":{"line":270,"column":23},"end":{"line":273,"column":null}},"102":{"start":{"line":276,"column":2},"end":{"line":287,"column":4}},"103":{"start":{"line":291,"column":2},"end":{"line":312,"column":3}},"104":{"start":{"line":292,"column":19},"end":{"line":292,"column":75}},"105":{"start":{"line":293,"column":20},"end":{"line":295,"column":null}},"106":{"start":{"line":297,"column":4},"end":{"line":297,"column":74}},"107":{"start":{"line":297,"column":33},"end":{"line":297,"column":74}},"108":{"start":{"line":299,"column":26},"end":{"line":299,"column":63}},"109":{"start":{"line":300,"column":27},"end":{"line":303,"column":null}},"110":{"start":{"line":306,"column":4},"end":{"line":306,"column":77}},"111":{"start":{"line":308,"column":4},"end":{"line":311,"column":6}},"112":{"start":{"line":316,"column":2},"end":{"line":318,"column":3}},"113":{"start":{"line":317,"column":4},"end":{"line":317,"column":67}},"114":{"start":{"line":321,"column":15},"end":{"line":322,"column":null}},"115":{"start":{"line":325,"column":2},"end":{"line":327,"column":3}},"116":{"start":{"line":326,"column":4},"end":{"line":326,"column":75}},"117":{"start":{"line":329,"column":15},"end":{"line":329,"column":32}},"118":{"start":{"line":332,"column":19},"end":{"line":332,"column":74}},"119":{"start":{"line":333,"column":2},"end":{"line":335,"column":3}},"120":{"start":{"line":334,"column":4},"end":{"line":334,"column":76}},"121":{"start":{"line":337,"column":16},"end":{"line":337,"column":36}},"122":{"start":{"line":338,"column":17},"end":{"line":338,"column":60}},"123":{"start":{"line":340,"column":4},"end":{"line":340,"column":66}},"124":{"start":{"line":342,"column":2},"end":{"line":344,"column":3}},"125":{"start":{"line":343,"column":4},"end":{"line":343,"column":79}},"126":{"start":{"line":347,"column":13},"end":{"line":347,"column":63}},"127":{"start":{"line":348,"column":2},"end":{"line":380,"column":3}},"128":{"start":{"line":349,"column":27},"end":{"line":349,"column":39}},"129":{"start":{"line":350,"column":19},"end":{"line":350,"column":49}},"130":{"start":{"line":351,"column":4},"end":{"line":366,"column":15}},"131":{"start":{"line":369,"column":25},"end":{"line":369,"column":27}},"132":{"start":{"line":370,"column":4},"end":{"line":370,"column":72}},"133":{"start":{"line":370,"column":33},"end":{"line":370,"column":72}},"134":{"start":{"line":371,"column":4},"end":{"line":372,"column":40}},"135":{"start":{"line":372,"column":6},"end":{"line":372,"column":40}},"136":{"start":{"line":374,"column":4},"end":{"line":379,"column":5}},"137":{"start":{"line":375,"column":6},"end":{"line":378,"column":17}},"138":{"start":{"line":382,"column":2},"end":{"line":387,"column":3}},"139":{"start":{"line":383,"column":4},"end":{"line":386,"column":6}},"140":{"start":{"line":388,"column":18},"end":{"line":388,"column":54}},"141":{"start":{"line":389,"column":24},"end":{"line":389,"column":61}},"142":{"start":{"line":390,"column":25},"end":{"line":390,"column":64}},"143":{"start":{"line":391,"column":22},"end":{"line":394,"column":null}},"144":{"start":{"line":398,"column":4},"end":{"line":398,"column":60}},"145":{"start":{"line":399,"column":23},"end":{"line":402,"column":null}},"146":{"start":{"line":405,"column":2},"end":{"line":411,"column":4}},"147":{"start":{"line":414,"column":13},"end":{"line":423,"column":2}}},"fnMap":{"0":{"name":"(anonymous_1)","decl":{"start":{"line":18,"column":14},"end":{"line":18,"column":19}},"loc":{"start":{"line":18,"column":35},"end":{"line":31,"column":1}}},"1":{"name":"(anonymous_2)","decl":{"start":{"line":33,"column":19},"end":{"line":33,"column":24}},"loc":{"start":{"line":33,"column":45},"end":{"line":115,"column":1}}},"2":{"name":"forgotPassword","decl":{"start":{"line":117,"column":15},"end":{"line":117,"column":29}},"loc":{"start":{"line":117,"column":43},"end":{"line":137,"column":1}}},"3":{"name":"resetPassword","decl":{"start":{"line":139,"column":15},"end":{"line":139,"column":28}},"loc":{"start":{"line":139,"column":76},"end":{"line":160,"column":1}}},"4":{"name":"verifyOtpAndLogin","decl":{"start":{"line":162,"column":15},"end":{"line":162,"column":32}},"loc":{"start":{"line":162,"column":46},"end":{"line":211,"column":1}}},"5":{"name":"login","decl":{"start":{"line":213,"column":15},"end":{"line":213,"column":20}},"loc":{"start":{"line":213,"column":52},"end":{"line":288,"column":1}}},"6":{"name":"refreshAccessToken","decl":{"start":{"line":290,"column":15},"end":{"line":290,"column":33}},"loc":{"start":{"line":290,"column":54},"end":{"line":313,"column":1}}},"7":{"name":"googleLogin","decl":{"start":{"line":315,"column":15},"end":{"line":315,"column":26}},"loc":{"start":{"line":315,"column":42},"end":{"line":412,"column":1}}}},"branchMap":{"0":{"loc":{"start":{"line":21,"column":2},"end":{"line":23,"column":3}},"type":"if","locations":[{"start":{"line":21,"column":2},"end":{"line":23,"column":3}}]},"1":{"loc":{"start":{"line":30,"column":51},"end":{"line":30,"column":71}},"type":"binary-expr","locations":[{"start":{"line":30,"column":51},"end":{"line":30,"column":63}},{"start":{"line":30,"column":67},"end":{"line":30,"column":71}}]},"2":{"loc":{"start":{"line":38,"column":2},"end":{"line":67,"column":3}},"type":"if","locations":[{"start":{"line":38,"column":2},"end":{"line":67,"column":3}}]},"3":{"loc":{"start":{"line":39,"column":4},"end":{"line":63,"column":5}},"type":"if","locations":[{"start":{"line":39,"column":4},"end":{"line":63,"column":5}}]},"4":{"loc":{"start":{"line":85,"column":2},"end":{"line":87,"column":3}},"type":"if","locations":[{"start":{"line":85,"column":2},"end":{"line":87,"column":3}}]},"5":{"loc":{"start":{"line":120,"column":2},"end":{"line":134,"column":3}},"type":"if","locations":[{"start":{"line":120,"column":2},"end":{"line":134,"column":3}}]},"6":{"loc":{"start":{"line":123,"column":20},"end":{"line":123,"column":79}},"type":"binary-expr","locations":[{"start":{"line":123,"column":20},"end":{"line":123,"column":61}},{"start":{"line":123,"column":65},"end":{"line":123,"column":79}}]},"7":{"loc":{"start":{"line":140,"column":2},"end":{"line":140,"column":78}},"type":"if","locations":[{"start":{"line":140,"column":2},"end":{"line":140,"column":78}}]},"8":{"loc":{"start":{"line":142,"column":27},"end":{"line":142,"column":38}},"type":"binary-expr","locations":[{"start":{"line":142,"column":27},"end":{"line":142,"column":32}},{"start":{"line":142,"column":36},"end":{"line":142,"column":38}}]},"9":{"loc":{"start":{"line":146,"column":2},"end":{"line":146,"column":80}},"type":"if","locations":[{"start":{"line":146,"column":2},"end":{"line":146,"column":80}}]},"10":{"loc":{"start":{"line":151,"column":2},"end":{"line":151,"column":72}},"type":"if","locations":[{"start":{"line":151,"column":2},"end":{"line":151,"column":72}}]},"11":{"loc":{"start":{"line":164,"column":2},"end":{"line":164,"column":72}},"type":"if","locations":[{"start":{"line":164,"column":2},"end":{"line":164,"column":72}}]},"12":{"loc":{"start":{"line":167,"column":2},"end":{"line":172,"column":3}},"type":"if","locations":[{"start":{"line":167,"column":2},"end":{"line":172,"column":3}}]},"13":{"loc":{"start":{"line":175,"column":2},"end":{"line":180,"column":3}},"type":"if","locations":[{"start":{"line":175,"column":2},"end":{"line":180,"column":3}}]},"14":{"loc":{"start":{"line":175,"column":6},"end":{"line":175,"column":38}},"type":"binary-expr","locations":[{"start":{"line":175,"column":6},"end":{"line":175,"column":10}},{"start":{"line":175,"column":14},"end":{"line":175,"column":38}}]},"15":{"loc":{"start":{"line":183,"column":24},"end":{"line":183,"column":61}},"type":"binary-expr","locations":[{"start":{"line":183,"column":24},"end":{"line":183,"column":53}},{"start":{"line":183,"column":57},"end":{"line":183,"column":61}}]},"16":{"loc":{"start":{"line":184,"column":25},"end":{"line":184,"column":64}},"type":"binary-expr","locations":[{"start":{"line":184,"column":25},"end":{"line":184,"column":55}},{"start":{"line":184,"column":59},"end":{"line":184,"column":64}}]},"17":{"loc":{"start":{"line":192,"column":4},"end":{"line":192,"column":60}},"type":"binary-expr","locations":[{"start":{"line":192,"column":4},"end":{"line":192,"column":34}},{"start":{"line":192,"column":38},"end":{"line":192,"column":60}}]},"18":{"loc":{"start":{"line":202,"column":6},"end":{"line":205,"column":17}},"type":"binary-expr","locations":[{"start":{"line":202,"column":7},"end":{"line":205,"column":8}},{"start":{"line":205,"column":13},"end":{"line":205,"column":17}}]},"19":{"loc":{"start":{"line":216,"column":2},"end":{"line":218,"column":3}},"type":"if","locations":[{"start":{"line":216,"column":2},"end":{"line":218,"column":3}}]},"20":{"loc":{"start":{"line":221,"column":2},"end":{"line":223,"column":3}},"type":"if","locations":[{"start":{"line":221,"column":2},"end":{"line":223,"column":3}}]},"21":{"loc":{"start":{"line":226,"column":2},"end":{"line":249,"column":3}},"type":"if","locations":[{"start":{"line":226,"column":2},"end":{"line":249,"column":3}}]},"22":{"loc":{"start":{"line":252,"column":2},"end":{"line":257,"column":3}},"type":"if","locations":[{"start":{"line":252,"column":2},"end":{"line":257,"column":3}}]},"23":{"loc":{"start":{"line":252,"column":6},"end":{"line":252,"column":38}},"type":"binary-expr","locations":[{"start":{"line":252,"column":6},"end":{"line":252,"column":10}},{"start":{"line":252,"column":14},"end":{"line":252,"column":38}}]},"24":{"loc":{"start":{"line":260,"column":24},"end":{"line":260,"column":61}},"type":"binary-expr","locations":[{"start":{"line":260,"column":24},"end":{"line":260,"column":53}},{"start":{"line":260,"column":57},"end":{"line":260,"column":61}}]},"25":{"loc":{"start":{"line":261,"column":25},"end":{"line":261,"column":64}},"type":"binary-expr","locations":[{"start":{"line":261,"column":25},"end":{"line":261,"column":55}},{"start":{"line":261,"column":59},"end":{"line":261,"column":64}}]},"26":{"loc":{"start":{"line":269,"column":4},"end":{"line":269,"column":60}},"type":"binary-expr","locations":[{"start":{"line":269,"column":4},"end":{"line":269,"column":34}},{"start":{"line":269,"column":38},"end":{"line":269,"column":60}}]},"27":{"loc":{"start":{"line":279,"column":6},"end":{"line":282,"column":17}},"type":"binary-expr","locations":[{"start":{"line":279,"column":7},"end":{"line":282,"column":8}},{"start":{"line":282,"column":13},"end":{"line":282,"column":17}}]},"28":{"loc":{"start":{"line":292,"column":19},"end":{"line":292,"column":75}},"type":"binary-expr","locations":[{"start":{"line":292,"column":19},"end":{"line":292,"column":49}},{"start":{"line":292,"column":53},"end":{"line":292,"column":75}}]},"29":{"loc":{"start":{"line":297,"column":4},"end":{"line":297,"column":74}},"type":"if","locations":[{"start":{"line":297,"column":4},"end":{"line":297,"column":74}}]},"30":{"loc":{"start":{"line":297,"column":8},"end":{"line":297,"column":31}},"type":"binary-expr","locations":[{"start":{"line":297,"column":8},"end":{"line":297,"column":16}},{"start":{"line":297,"column":20},"end":{"line":297,"column":31}}]},"31":{"loc":{"start":{"line":299,"column":26},"end":{"line":299,"column":63}},"type":"binary-expr","locations":[{"start":{"line":299,"column":26},"end":{"line":299,"column":55}},{"start":{"line":299,"column":59},"end":{"line":299,"column":63}}]},"32":{"loc":{"start":{"line":316,"column":2},"end":{"line":318,"column":3}},"type":"if","locations":[{"start":{"line":316,"column":2},"end":{"line":318,"column":3}}]},"33":{"loc":{"start":{"line":325,"column":2},"end":{"line":327,"column":3}},"type":"if","locations":[{"start":{"line":325,"column":2},"end":{"line":327,"column":3}}]},"34":{"loc":{"start":{"line":332,"column":19},"end":{"line":332,"column":74}},"type":"binary-expr","locations":[{"start":{"line":332,"column":19},"end":{"line":332,"column":47}},{"start":{"line":332,"column":51},"end":{"line":332,"column":74}}]},"35":{"loc":{"start":{"line":333,"column":2},"end":{"line":335,"column":3}},"type":"if","locations":[{"start":{"line":333,"column":2},"end":{"line":335,"column":3}}]},"36":{"loc":{"start":{"line":333,"column":6},"end":{"line":333,"column":40}},"type":"binary-expr","locations":[{"start":{"line":333,"column":6},"end":{"line":333,"column":15}},{"start":{"line":333,"column":19},"end":{"line":333,"column":40}}]},"37":{"loc":{"start":{"line":338,"column":17},"end":{"line":338,"column":60}},"type":"binary-expr","locations":[{"start":{"line":338,"column":17},"end":{"line":338,"column":37}},{"start":{"line":338,"column":41},"end":{"line":338,"column":60}}]},"38":{"loc":{"start":{"line":340,"column":4},"end":{"line":340,"column":66}},"type":"binary-expr","locations":[{"start":{"line":340,"column":4},"end":{"line":340,"column":34}},{"start":{"line":340,"column":38},"end":{"line":340,"column":66}}]},"39":{"loc":{"start":{"line":342,"column":2},"end":{"line":344,"column":3}},"type":"if","locations":[{"start":{"line":342,"column":2},"end":{"line":344,"column":3}}]},"40":{"loc":{"start":{"line":348,"column":2},"end":{"line":380,"column":3}},"type":"if","locations":[{"start":{"line":348,"column":2},"end":{"line":380,"column":3}},{"start":{"line":367,"column":9},"end":{"line":380,"column":3}}]},"41":{"loc":{"start":{"line":354,"column":14},"end":{"line":354,"column":26}},"type":"binary-expr","locations":[{"start":{"line":354,"column":14},"end":{"line":354,"column":18}},{"start":{"line":354,"column":22},"end":{"line":354,"column":26}}]},"42":{"loc":{"start":{"line":357,"column":21},"end":{"line":357,"column":73}},"type":"binary-expr","locations":[{"start":{"line":357,"column":21},"end":{"line":357,"colu
[...]
ine":25,"column":27},"end":{"line":38,"column":3}}},"2":{"name":"(anonymous_3)","decl":{"start":{"line":43,"column":2},"end":{"line":43,"column":7}},"loc":{"start":{"line":43,"column":42},"end":{"line":56,"column":3}}},"3":{"name":"(anonymous_4)","decl":{"start":{"line":61,"column":2},"end":{"line":61,"column":7}},"loc":{"start":{"line":67,"column":5},"end":{"line":84,"column":3}}},"4":{"name":"(anonymous_5)","decl":{"start":{"line":89,"column":2},"end":{"line":89,"column":7}},"loc":{"start":{"line":89,"column":41},"end":{"line":102,"column":3}}},"5":{"name":"(anonymous_6)","decl":{"start":{"line":107,"column":2},"end":{"line":107,"column":7}},"loc":{"start":{"line":107,"column":31},"end":{"line":120,"column":3}}},"6":{"name":"(anonymous_7)","decl":{"start":{"line":125,"column":2},"end":{"line":125,"column":7}},"loc":{"start":{"line":125,"column":37},"end":{"line":137,"column":3}}},"7":{"name":"(anonymous_8)","decl":{"start":{"line":142,"column":2},"end":{"line":142,"column":7}},"loc":{"start":{"line":142,"column":47},"end":{"line":157,"column":3}}},"8":{"name":"(anonymous_9)","decl":{"start":{"line":162,"column":2},"end":{"line":162,"column":7}},"loc":{"start":{"line":162,"column":62},"end":{"line":177,"column":3}}},"9":{"name":"(anonymous_10)","decl":{"start":{"line":182,"column":2},"end":{"line":182,"column":7}},"loc":{"start":{"line":182,"column":63},"end":{"line":196,"column":3}}},"10":{"name":"(anonymous_11)","decl":{"start":{"line":201,"column":2},"end":{"line":201,"column":7}},"loc":{"start":{"line":201,"column":57},"end":{"line":220,"column":3}}},"11":{"name":"(anonymous_12)","decl":{"start":{"line":225,"column":2},"end":{"line":225,"column":7}},"loc":{"start":{"line":225,"column":73},"end":{"line":244,"column":3}}},"12":{"name":"(anonymous_13)","decl":{"start":{"line":249,"column":2},"end":{"line":249,"column":7}},"loc":{"start":{"line":249,"column":33},"end":{"line":262,"column":3}}},"13":{"name":"(anonymous_14)","decl":{"start":{"line":267,"column":2},"end":{"line":267,"column":7}},"loc":{"start":{"line":267,"column":30},"end":{"line":281,"column":3}}},"14":{"name":"(anonymous_15)","decl":{"start":{"line":286,"column":2},"end":{"line":286,"column":7}},"loc":{"start":{"line":286,"column":75},"end":{"line":296,"column":3}}}},"branchMap":{"0":{"loc":{"start":{"line":17,"column":4},"end":{"line":19,"column":5}},"type":"if","locations":[{"start":{"line":17,"column":4},"end":{"line":19,"column":5}}]},"1":{"loc":{"start":{"line":71,"column":15},"end":{"line":71,"column":26}},"type":"binary-expr","locations":[{"start":{"line":71,"column":15},"end":{"line":71,"column":20}},{"start":{"line":71,"column":24},"end":{"line":71,"column":26}}]},"2":{"loc":{"start":{"line":92,"column":15},"end":{"line":92,"column":26}},"type":"binary-expr","locations":[{"start":{"line":92,"column":15},"end":{"line":92,"column":20}},{"start":{"line":92,"column":24},"end":{"line":92,"column":26}}]},"3":{"loc":{"start":{"line":201,"column":31},"end":{"line":201,"column":57}},"type":"default-arg","locations":[{"start":{"line":201,"column":53},"end":{"line":201,"column":57}}]},"4":{"loc":{"start":{"line":203,"column":6},"end":{"line":208,"column":7}},"type":"if","locations":[{"start":{"line":203,"column":6},"end":{"line":208,"column":7}}]},"5":{"loc":{"start":{"line":225,"column":47},"end":{"line":225,"column":73}},"type":"default-arg","locations":[{"start":{"line":225,"column":69},"end":{"line":225,"column":73}}]},"6":{"loc":{"start":{"line":227,"column":6},"end":{"line":232,"column":7}},"type":"if","locations":[{"start":{"line":227,"column":6},"end":{"line":232,"column":7}}]}},"s":{"0":0,"1":0,"2":0,"3":0,"4":0,"5":0,"6":0,"7":0,"8":0,"9":0,"10":0,"11":0,"12":0,"13":0,"14":0,"15":0,"16":0,"17":0,"18":0,"19":0,"20":0,"21":0,"22":0,"23":0,"24":0,"25":0,"26":0,"27":0,"28":0,"29":0,"30":0,"31":0,"32":0,"33":0,"34":0,"35":0,"36":0,"37":0,"38":0,"39":0,"40":0,"41":0,"42":0,"43":0,"44":0,"45":0,"46":0,"47":0,"48":0,"49":0,"50":0,"51":0,"52":0,"53":0,"54":0,"55":0,"56":0,"57":0,"58":0,"59":0,"60":0,"61":0,"62":0,"63":0,"64":0,"65":0,"66":0,"67":0},"f":{"0":0,"1":0,"2":0,"3":0,"4":0,"5":0,"6":0,"7":0,"8":0,"9":0,"10":0,"11":0,"12":0,"13":0,"14":0},"b":{"0":[0],"1":[0,0],"2":[0,0],"3":[0],"4":[0],"5":[0],"6":[0]}}
,"/home/jibon/Desktop/development/CloudBox/cloudbox-backend/src/shared/catchAsync.ts": {"path":"/home/jibon/Desktop/development/CloudBox/cloudbox-backend/src/shared/catchAsync.ts","statementMap":{"0":{"start":{"line":3,"column":19},"end":{"line":11,"column":1}},"1":{"start":{"line":4,"column":2},"end":{"line":10,"column":4}},"2":{"start":{"line":5,"column":4},"end":{"line":9,"column":5}},"3":{"start":{"line":6,"column":6},"end":{"line":6,"column":31}},"4":{"start":{"line":8,"column":6},"end":{"line":8,"column":16}},"5":{"start":{"line":13,"column":0},"end":{"line":13,"column":26}}},"fnMap":{"0":{"name":"(anonymous_0)","decl":{"start":{"line":3,"column":19},"end":{"line":3,"column":20}},"loc":{"start":{"line":3,"column":42},"end":{"line":11,"column":1}}},"1":{"name":"(anonymous_1)","decl":{"start":{"line":4,"column":9},"end":{"line":4,"column":14}},"loc":{"start":{"line":4,"column":67},"end":{"line":10,"column":3}}}},"branchMap":{},"s":{"0":0,"1":0,"2":0,"3":0,"4":0,"5":0},"f":{"0":0,"1":0},"b":{}}
,"/home/jibon/Desktop/development/CloudBox/cloudbox-backend/src/shared/pick.ts": {"path":"/home/jibon/Desktop/development/CloudBox/cloudbox-backend/src/shared/pick.ts","statementMap":{"0":{"start":{"line":1,"column":13},"end":{"line":13,"column":1}},"1":{"start":{"line":5,"column":31},"end":{"line":5,"column":33}},"2":{"start":{"line":7,"column":2},"end":{"line":11,"column":3}},"3":{"start":{"line":8,"column":4},"end":{"line":10,"column":5}},"4":{"start":{"line":9,"column":6},"end":{"line":9,"column":31}},"5":{"start":{"line":12,"column":2},"end":{"line":12,"column":18}},"6":{"start":{"line":15,"column":0},"end":{"line":15,"column":20}}},"fnMap":{"0":{"name":"(anonymous_0)","decl":{"start":{"line":1,"column":13},"end":{"line":1,"column":null}},"loc":{"start":{"line":4,"column":16},"end":{"line":13,"column":1}}}},"branchMap":{"0":{"loc":{"start":{"line":8,"column":4},"end":{"line":10,"column":5}},"type":"if","locations":[{"start":{"line":8,"column":4},"end":{"line":10,"column":5}}]},"1":{"loc":{"start":{"line":8,"column":8},"end":{"line":8,"column":51}},"type":"binary-expr","locations":[{"start":{"line":8,"column":8},"end":{"line":8,"column":11}},{"start":{"line":8,"column":15},"end":{"line":8,"column":51}}]}},"s":{"0":0,"1":0,"2":0,"3":0,"4":0,"5":0,"6":0},"f":{"0":0},"b":{"0":[0],"1":[0,0]}}
,"/home/jibon/Desktop/development/CloudBox/cloudbox-backend/src/shared/sanitizeUser.ts": {"path":"/home/jibon/Desktop/development/CloudBox/cloudbox-backend/src/shared/sanitizeUser.ts","statementMap":{"0":{"start":{"line":1,"column":0},"end":{"line":1,"column":16}},"1":{"start":{"line":2,"column":2},"end":{"line":2,"column":25}},"2":{"start":{"line":2,"column":13},"end":{"line":2,"column":25}},"3":{"start":{"line":3,"column":59},"end":{"line":3,"column":70}},"4":{"start":{"line":4,"column":2},"end":{"line":4,"column":14}},"5":{"start":{"line":7,"column":0},"end":{"line":7,"column":28}}},"fnMap":{"0":{"name":"sanitizeUser","decl":{"start":{"line":1,"column":16},"end":{"line":1,"column":28}},"loc":{"start":{"line":1,"column":61},"end":{"line":5,"column":1}}}},"branchMap":{"0":{"loc":{"start":{"line":2,"column":2},"end":{"line":2,"column":25}},"type":"if","locations":[{"start":{"line":2,"column":2},"end":{"line":2,"column":25}}]}},"s":{"0":0,"1":0,"2":0,"3":0,"4":0,"5":0},"f":{"0":0},"b":{"0":[0]}}
,"/home/jibon/Desktop/development/CloudBox/cloudbox-backend/src/shared/sendResponse.ts": {"path":"/home/jibon/Desktop/development/CloudBox/cloudbox-backend/src/shared/sendResponse.ts","statementMap":{"0":{"start":{"line":3,"column":21},"end":{"line":23,"column":1}},"1":{"start":{"line":17,"column":2},"end":{"line":22,"column":5}},"2":{"start":{"line":25,"column":0},"end":{"line":25,"column":28}}},"fnMap":{"0":{"name":"(anonymous_0)","decl":{"start":{"line":3,"column":21},"end":{"line":3,"column":null}},"loc":{"start":{"line":16,"column":4},"end":{"line":23,"column":1}}}},"branchMap":{"0":{"loc":{"start":{"line":20,"column":10},"end":{"line":20,"column":44}},"type":"binary-expr","locations":[{"start":{"line":20,"column":10},"end":{"line":20,"column":23}},{"start":{"line":20,"column":27},"end":{"line":20,"column":31}},{"start":{"line":20,"column":35},"end":{"line":20,"column":44}}]},"1":{"loc":{"start":{"line":21,"column":10},"end":{"line":21,"column":44}},"type":"binary-expr","locations":[{"start":{"line":21,"column":10},"end":{"line":21,"column":23}},{"start":{"line":21,"column":27},"end":{"line":21,"column":31}},{"start":{"line":21,"column":35},"end":{"line":21,"column":44}}]}},"s":{"0":0,"1":0,"2":0},"f":{"0":0},"b":{"0":[0,0,0],"1":[0,0,0]}}
,"/home/jibon/Desktop/development/CloudBox/cloudbox-backend/src/shared/emails/otpEmail.ts": {"path":"/home/jibon/Desktop/development/CloudBox/cloudbox-backend/src/shared/emails/otpEmail.ts","statementMap":{"0":{"start":{"line":1,"column":24},"end":{"line":15,"column":1}},"1":{"start":{"line":2,"column":15},"end":{"line":13,"column":6}},"2":{"start":{"line":14,"column":2},"end":{"line":14,"column":14}},"3":{"start":{"line":1,"column":13},"end":{"line":1,"column":24}}},"fnMap":{"0":{"name":"(anonymous_0)","decl":{"start":{"line":1,"column":24},"end":{"line":1,"column":25}},"loc":{"start":{"line":1,"column":46},"end":{"line":15,"column":1}}}},"branchMap":{},"s":{"0":0,"1":0,"2":0,"3":0},"f":{"0":0},"b":{}}
,"/home/jibon/Desktop/development/CloudBox/cloudbox-backend/src/shared/emails/resetPasswordEmail.ts": {"path":"/home/jibon/Desktop/development/CloudBox/cloudbox-backend/src/shared/emails/resetPasswordEmail.ts","statementMap":{"0":{"start":{"line":1,"column":34},"end":{"line":15,"column":1}},"1":{"start":{"line":2,"column":15},"end":{"line":4,"column":10}},"2":{"start":{"line":6,"column":2},"end":{"line":14,"column":4}},"3":{"start":{"line":1,"column":13},"end":{"line":1,"column":34}},"4":{"start":{"line":17,"column":0},"end":{"line":17,"column":34}}},"fnMap":{"0":{"name":"(anonymous_0)","decl":{"start":{"line":1,"column":34},"end":{"line":1,"column":35}},"loc":{"start":{"line":1,"column":71},"end":{"line":15,"column":1}}}},"branchMap":{"0":{"loc":{"start":{"line":2,"column":15},"end":{"line":4,"column":10}},"type":"cond-expr","locations":[{"start":{"line":3,"column":6},"end":{"line":3,"column":90}},{"start":{"line":4,"column":6},"end":{"line":4,"column":10}}]},"1":{"loc":{"start":{"line":3,"column":20},"end":{"line":3,"column":54}},"type":"cond-expr","locations":[{"start":{"line":3,"column":45},"end":{"line":3,"column":48}},{"start":{"line":3,"column":51},"end":{"line":3,"column":54}}]},"2":{"loc":{"start":{"line":11,"column":8},"end":{"line":11,"column":65}},"type":"cond-expr","locations":[{"start":{"line":11,"column":15},"end":{"line":11,"column":60}},{"start":{"line":11,"column":63},"end":{"line":11,"column":65}}]}},"s":{"0":0,"1":0,"2":0,"3":0,"4":0},"f":{"0":0},"b":{"0":[0,0],"1":[0,0],"2":[0,0]}}
,"/home/jibon/Desktop/development/CloudBox/cloudbox-backend/src/utils/generateOtp.ts": {"path":"/home/jibon/Desktop/development/CloudBox/cloudbox-backend/src/utils/generateOtp.ts","statementMap":{"0":{"start":{"line":1,"column":27},"end":{"line":3,"column":1}},"1":{"start":{"line":2,"column":2},"end":{"line":2,"column":64}},"2":{"start":{"line":1,"column":13},"end":{"line":1,"column":27}}},"fnMap":{"0":{"name":"(anonymous_0)","decl":{"start":{"line":1,"column":27},"end":{"line":1,"column":30}},"loc":{"start":{"line":1,"column":32},"end":{"line":3,"column":1}}}},"branchMap":{},"s":{"0":0,"1":0,"2":0},"f":{"0":0},"b":{}}
,"/home/jibon/Desktop/development/CloudBox/cloudbox-backend/src/utils/hashAndCompareItem.ts": {"path":"/home/jibon/Desktop/development/CloudBox/cloudbox-backend/src/utils/hashAndCompareItem.ts","statementMap":{"0":{"start":{"line":1,"column":0},"end":{"line":1,"column":35}},"1":{"start":{"line":2,"column":0},"end":{"line":2,"column":31}},"2":{"start":{"line":4,"column":24},"end":{"line":7,"column":1}},"3":{"start":{"line":5,"column":21},"end":{"line":5,"column":55}},"4":{"start":{"line":6,"column":2},"end":{"line":6,"column":45}},"5":{"start":{"line":4,"column":13},"end":{"line":4,"column":24}},"6":{"start":{"line":9,"column":27},"end":{"line":14,"column":1}},"7":{"start":{"line":13,"column":2},"end":{"line":13,"column":48}},"8":{"start":{"line":9,"column":13},"end":{"line":9,"column":27}}},"fnMap":{"0":{"name":"(anonymous_10)","decl":{"start":{"line":4,"column":24},"end":{"line":4,"column":29}},"loc":{"start":{"line":4,"column":64},"end":{"line":7,"column":1}}},"1":{"name":"(anonymous_11)","decl":{"start":{"line":9,"column":27},"end":{"line":9,"column":32}},"loc":{"start":{"line":12,"column":22},"end":{"line":14,"column":1}}}},"branchMap":{"0":{"loc":{"start":{"line":5,"column":28},"end":{"line":5,"column":54}},"type":"binary-expr","locations":[{"start":{"line":5,"column":28},"end":{"line":5,"column":48}},{"start":{"line":5,"column":52},"end":{"line":5,"column":54}}]}},"s":{"0":0,"1":0,"2":0,"3":0,"4":0,"5":0,"6":0,"7":0,"8":0},"f":{"0":0,"1":0},"b":{"0":[0,0]}}
,"/home/jibon/Desktop/development/CloudBox/cloudbox-backend/src/utils/isValidEmail.ts": {"path":"/home/jibon/Desktop/development/CloudBox/cloudbox-backend/src/utils/isValidEmail.ts","statementMap":{"0":{"start":{"line":1,"column":28},"end":{"line":4,"column":1}},"1":{"start":{"line":2,"column":21},"end":{"line":2,"column":49}},"2":{"start":{"line":3,"column":2},"end":{"line":3,"column":32}},"3":{"start":{"line":1,"column":13},"end":{"line":1,"column":28}}},"fnMap":{"0":{"name":"(anonymous_0)","decl":{"start":{"line":1,"column":28},"end":{"line":1,"column":29}},"loc":{"start":{"line":1,"column":55},"end":{"line":4,"column":1}}}},"branchMap":{},"s":{"0":0,"1":0,"2":0,"3":0},"f":{"0":0},"b":{}}
,"/home/jibon/Desktop/development/CloudBox/cloudbox-backend/src/utils/jwtHelpers.ts": {"path":"/home/jibon/Desktop/development/CloudBox/cloudbox-backend/src/utils/jwtHelpers.ts","statementMap":{"0":{"start":{"line":1,"column":0},"end":{"line":1,"column":68}},"1":{"start":{"line":3,"column":22},"end":{"line":14,"column":1}},"2":{"start":{"line":8,"column":16},"end":{"line":11,"column":4}},"3":{"start":{"line":13,"column":2},"end":{"line":13,"column":15}},"4":{"start":{"line":16,"column":20},"end":{"line":18,"column":1}},"5":{"start":{"line":17,"column":2},"end":{"line":17,"column":49}},"6":{"start":{"line":20,"column":13},"end":{"line":23,"column":2}}},"fnMap":{"0":{"name":"(anonymous_1)","decl":{"start":{"line":3,"column":22},"end":{"line":3,"column":null}},"loc":{"start":{"line":7,"column":12},"end":{"line":14,"column":1}}},"1":{"name":"(anonymous_2)","decl":{"start":{"line":16,"column":20},"end":{"line":16,"column":21}},"loc":{"start":{"line":16,"column":54},"end":{"line":18,"column":1}}}},"branchMap":{"0":{"loc":{"start":{"line":10,"column":8},"end":{"line":10,"column":34}},"type":"binary-expr","locations":[{"start":{"line":10,"column":8},"end":{"line":10,"column":17}},{"start":{"line":10,"column":21},"end":{"line":10,"column":34}}]}},"s":{"0":0,"1":0,"2":0,"3":0,"4":0,"5":0,"6":0},"f":{"0":0,"1":0},"b":{"0":[0,0]}}
,"/home/jibon/Desktop/development/CloudBox/cloudbox-backend/src/utils/paginationHelpers.ts": {"path":"/home/jibon/Desktop/development/CloudBox/cloudbox-backend/src/utils/paginationHelpers.ts","statementMap":{"0":{"start":{"line":16,"column":28},"end":{"line":31,"column":1}},"1":{"start":{"line":17,"column":15},"end":{"line":17,"column":40}},"2":{"start":{"line":18,"column":16},"end":{"line":18,"column":43}},"3":{"start":{"line":19,"column":15},"end":{"line":19,"column":33}},"4":{"start":{"line":21,"column":17},"end":{"line":21,"column":46}},"5":{"start":{"line":22,"column":20},"end":{"line":22,"column":47}},"6":{"start":{"line":24,"column":2},"end":{"line":30,"column":4}},"7":{"start":{"line":33,"column":13},"end":{"line":35,"column":2}}},"fnMap":{"0":{"name":"(anonymous_0)","decl":{"start":{"line":16,"column":28},"end":{"line":16,"column":29}},"loc":{"start":{"line":16,"column":66},"end":{"line":31,"column":1}}}},"branchMap":{"0":{"loc":{"start":{"line":17,"column":22},"end":{"line":17,"column":39}},"type":"binary-expr","locations":[{"start":{"line":17,"column":22},"end":{"line":17,"column":34}},{"start":{"line":17,"column":38},"end":{"line":17,"column":39}}]},"1":{"loc":{"start":{"line":18,"column":23},"end":{"line":18,"column":42}},"type":"binary-expr","locations":[{"start":{"line":18,"column":23},"end":{"line":18,"column":36}},{"start":{"line":18,"column":40},"end":{"line":18,"column":42}}]},"2":{"loc":{"start":{"line":21,"column":17},"end":{"line":21,"column":46}},"type":"binary-expr","locations":[{"start":{"line":21,"column":17},"end":{"line":21,"column":31}},{"start":{"line":21,"column":35},"end":{"line":21,"column":46}}]},"3":{"loc":{"start":{"line":22,"column":20},"end":{"line":22,"column":47}},"type":"binary-expr","locations":[{"start":{"line":22,"column":20},"end":{"line":22,"column":37}},{"start":{"line":22,"column":41},"end":{"line":22,"column":47}}]}},"s":{"0":0,"1":0,"2":0,"3":0,"4":0,"5":0,"6":0,"7":0},"f":{"0":0},"b":{"0":[0,0],"1":[0,0],"2":[0,0],"3":[0,0]}}
,"/home/jibon/Desktop/development/CloudBox/cloudbox-backend/src/utils/slugify.ts": {"path":"/home/jibon/Desktop/development/CloudBox/cloudbox-backend/src/utils/slugify.ts","statementMap":{"0":{"start":{"line":1,"column":23},"end":{"line":9,"column":1}},"1":{"start":{"line":2,"column":2},"end":{"line":8,"column":28}},"2":{"start":{"line":1,"column":13},"end":{"line":1,"column":23}}},"fnMap":{"0":{"name":"(anonymous_0)","decl":{"start":{"line":1,"column":23},"end":{"line":1,"column":24}},"loc":{"start":{"line":1,"column":48},"end":{"line":9,"column":1}}}},"branchMap":{},"s":{"0":0,"1":0,"2":0},"f":{"0":0},"b":{}}
,"/home/jibon/Desktop/development/CloudBox/cloudbox-backend/src/utils/logger/logger.ts": {"path":"/home/jibon/Desktop/development/CloudBox/cloudbox-backend/src/utils/logger/logger.ts","statementMap":{"0":{"start":{"line":1,"column":0},"end":{"line":1,"column":20}},"1":{"start":{"line":2,"column":0},"end":{"line":2,"column":24}},"2":{"start":{"line":3,"column":0},"end":{"line":3,"column":59}},"3":{"start":{"line":4,"column":0},"end":{"line":4,"column":56}},"4":{"start":{"line":6,"column":15},"end":{"line":6,"column":47}},"5":{"start":{"line":7,"column":0},"end":{"line":7,"column":70}},"6":{"start":{"line":7,"column":28},"end":{"line":7,"column":70}},"7":{"start":{"line":10,"column":18},"end":{"line":17,"column":null}},"8":{"start":{"line":16,"column":4},"end":{"line":16,"column":63}},"9":{"start":{"line":20,"column":19},"end":{"line":24,"column":null}},"10":{"start":{"line":27,"column":22},"end":{"line":34,"column":2}},"11":{"start":{"line":36,"column":23},"end":{"line":43,"column":2}},"12":{"start":{"line":45,"column":15},"end":{"line":57,"column":2}},"13":{"start":{"line":59,"column":0},"end":{"line":59,"column":22}}},"fnMap":{"0":{"name":"(anonymous_1)","decl":{"start":{"line":15,"column":16},"end":{"line":15,"column":17}},"loc":{"start":{"line":15,"column":57},"end":{"line":17,"column":3}}}},"branchMap":{"0":{"loc":{"start":{"line":7,"column":0},"end":{"line":7,"column":70}},"type":"if","locations":[{"start":{"line":7,"column":0},"end":{"line":7,"column":70}}]},"1":{"loc":{"start":{"line":16,"column":49},"end":{"line":16,"column":60}},"type":"binary-expr","locations":[{"start":{"line":16,"column":49},"end":{"line":16,"column":54}},{"start":{"line":16,"column":58},"end":{"line":16,"column":60}}]},"2":{"loc":{"start":{"line":48,"column":26},"end":{"line":48,"column":76}},"type":"binary-expr","locations":[{"start":{"line":48,"column":26},"end":{"line":48,"column":50}},{"start":{"line":48,"column":54},"end":{"line":48,"column":76}}]}},"s":{"0":1,"1":1,"2":1,"3":1,"4":1,"5":1,"6":0,"7":1,"8":0,"9":1,"10":1,"11":1,"12":1,"13":1},"f":{"0":0},"b":{"0":[0],"1":[0,0],"2":[1,1]}}
}
